This file contains any messages produced by compilers while
running configure, to aid debugging if configure makes a mistake.

It was created by configure, which was
generated by GNU Autoconf 2.69.  Invocation command line was

  $ ./configure 

## --------- ##
## Platform. ##
## --------- ##

hostname = miriad
uname -m = x86_64
uname -r = 3.16.0-45-generic
uname -s = Linux
uname -v = #60~14.04.1-Ubuntu SMP Fri Jul 24 21:16:23 UTC 2015

/usr/bin/uname -p = unknown
/bin/uname -X     = unknown

/bin/arch              = unknown
/usr/bin/arch -k       = unknown
/usr/convex/getsysinfo = unknown
/usr/bin/hostinfo      = unknown
/bin/machine           = unknown
/usr/bin/oslevel       = unknown
/bin/universe          = unknown

PATH: /home/wade/Documents/work/sensorseverywhere/se/env/bin
PATH: /usr/local/sbin
PATH: /usr/local/bin
PATH: /usr/sbin
PATH: /usr/bin
PATH: /sbin
PATH: /bin
PATH: /usr/games
PATH: /usr/local/games
PATH: /opt/android-sdk/tools
PATH: /opt/android-sdk/platform-tools
PATH: /opt/node/bin


## ----------- ##
## Core tests. ##
## ----------- ##

configure:2578: checking build system type
configure:2592: result: x86_64-unknown-linux-gnu
configure:2612: checking host system type
configure:2625: result: x86_64-unknown-linux-gnu
configure:2666: checking how to print strings
configure:2693: result: printf
configure:2762: checking for gcc
configure:2778: found /usr/bin/gcc
configure:2789: result: gcc
configure:3018: checking for C compiler version
configure:3027: gcc --version >&5
gcc (Ubuntu 4.8.4-2ubuntu1~14.04.3) 4.8.4
Copyright (C) 2013 Free Software Foundation, Inc.
This is free software; see the source for copying conditions.  There is NO
warranty; not even for MERCHANTABILITY or FITNESS FOR A PARTICULAR PURPOSE.

configure:3038: $? = 0
configure:3027: gcc -v >&5
Using built-in specs.
COLLECT_GCC=gcc
COLLECT_LTO_WRAPPER=/usr/lib/gcc/x86_64-linux-gnu/4.8/lto-wrapper
Target: x86_64-linux-gnu
Configured with: ../src/configure -v --with-pkgversion='Ubuntu 4.8.4-2ubuntu1~14.04.3' --with-bugurl=file:///usr/share/doc/gcc-4.8/README.Bugs --enable-languages=c,c++,java,go,d,fortran,objc,obj-c++ --prefix=/usr --program-suffix=-4.8 --enable-shared --enable-linker-build-id --libexecdir=/usr/lib --without-included-gettext --enable-threads=posix --with-gxx-include-dir=/usr/include/c++/4.8 --libdir=/usr/lib --enable-nls --with-sysroot=/ --enable-clocale=gnu --enable-libstdcxx-debug --enable-libstdcxx-time=yes --enable-gnu-unique-object --disable-libmudflap --enable-plugin --with-system-zlib --disable-browser-plugin --enable-java-awt=gtk --enable-gtk-cairo --with-java-home=/usr/lib/jvm/java-1.5.0-gcj-4.8-amd64/jre --enable-java-home --with-jvm-root-dir=/usr/lib/jvm/java-1.5.0-gcj-4.8-amd64 --with-jvm-jar-dir=/usr/lib/jvm-exports/java-1.5.0-gcj-4.8-amd64 --with-arch-directory=amd64 --with-ecj-jar=/usr/share/java/eclipse-ecj.jar --enable-objc-gc --enable-multiarch --disable-werror --with-arch-32=i686 --with-abi=m64 --with-multilib-list=m32,m64,mx32 --with-tune=generic --enable-checking=release --build=x86_64-linux-gnu --host=x86_64-linux-gnu --target=x86_64-linux-gnu
Thread model: posix
gcc version 4.8.4 (Ubuntu 4.8.4-2ubuntu1~14.04.3) 
configure:3038: $? = 0
configure:3027: gcc -V >&5
gcc: error: unrecognized command line option '-V'
gcc: fatal error: no input files
compilation terminated.
configure:3038: $? = 4
configure:3027: gcc -qversion >&5
gcc: error: unrecognized command line option '-qversion'
gcc: fatal error: no input files
compilation terminated.
configure:3038: $? = 4
configure:3058: checking whether the C compiler works
configure:3080: gcc    conftest.c  >&5
configure:3084: $? = 0
configure:3132: result: yes
configure:3135: checking for C compiler default output file name
configure:3137: result: a.out
configure:3143: checking for suffix of executables
configure:3150: gcc -o conftest    conftest.c  >&5
configure:3154: $? = 0
configure:3176: result: 
configure:3198: checking whether we are cross compiling
configure:3206: gcc -o conftest    conftest.c  >&5
configure:3210: $? = 0
configure:3217: ./conftest
configure:3221: $? = 0
configure:3236: result: no
configure:3241: checking for suffix of object files
configure:3263: gcc -c   conftest.c >&5
configure:3267: $? = 0
configure:3288: result: o
configure:3292: checking whether we are using the GNU C compiler
configure:3311: gcc -c   conftest.c >&5
configure:3311: $? = 0
configure:3320: result: yes
configure:3329: checking whether gcc accepts -g
configure:3349: gcc -c -g  conftest.c >&5
configure:3349: $? = 0
configure:3390: result: yes
configure:3407: checking for gcc option to accept ISO C89
configure:3470: gcc  -c -g -O2  conftest.c >&5
configure:3470: $? = 0
configure:3483: result: none needed
configure:3503: checking for a sed that does not truncate output
configure:3567: result: /bin/sed
configure:3585: checking for grep that handles long lines and -e
configure:3643: result: /bin/grep
configure:3648: checking for egrep
configure:3710: result: /bin/grep -E
configure:3715: checking for fgrep
configure:3777: result: /bin/grep -F
configure:3812: checking for ld used by gcc
configure:3879: result: /usr/bin/ld
configure:3886: checking if the linker (/usr/bin/ld) is GNU ld
configure:3901: result: yes
configure:3913: checking for BSD- or MS-compatible name lister (nm)
configure:3967: result: /usr/bin/nm -B
configure:4097: checking the name lister (/usr/bin/nm -B) interface
configure:4104: gcc -c -g -O2  conftest.c >&5
configure:4107: /usr/bin/nm -B "conftest.o"
configure:4110: output
0000000000000000 B some_variable
configure:4117: result: BSD nm
configure:4120: checking whether ln -s works
configure:4124: result: yes
configure:4132: checking the maximum length of command line arguments
configure:4263: result: 1572864
configure:4311: checking how to convert x86_64-unknown-linux-gnu file names to x86_64-unknown-linux-gnu format
configure:4351: result: func_convert_file_noop
configure:4358: checking how to convert x86_64-unknown-linux-gnu file names to toolchain format
configure:4378: result: func_convert_file_noop
configure:4385: checking for /usr/bin/ld option to reload object files
configure:4392: result: -r
configure:4466: checking for objdump
configure:4482: found /usr/bin/objdump
configure:4493: result: objdump
configure:4525: checking how to recognize dependent libraries
configure:4725: result: pass_all
configure:4810: checking for dlltool
configure:4840: result: no
configure:4870: checking how to associate runtime and link libraries
configure:4897: result: printf %s\n
configure:4958: checking for ar
configure:4974: found /usr/bin/ar
configure:4985: result: ar
configure:5022: checking for archiver @FILE support
configure:5039: gcc -c -g -O2  conftest.c >&5
configure:5039: $? = 0
configure:5042: ar cru libconftest.a @conftest.lst >&5
configure:5045: $? = 0
configure:5050: ar cru libconftest.a @conftest.lst >&5
ar: conftest.o: No such file or directory
configure:5053: $? = 1
configure:5065: result: @
configure:5123: checking for strip
configure:5139: found /usr/bin/strip
configure:5150: result: strip
configure:5222: checking for ranlib
configure:5238: found /usr/bin/ranlib
configure:5249: result: ranlib
configure:5326: checking for gawk
configure:5342: found /usr/bin/gawk
configure:5353: result: gawk
configure:5393: checking command to parse /usr/bin/nm -B output from gcc object
configure:5546: gcc -c -g -O2  conftest.c >&5
configure:5549: $? = 0
configure:5553: /usr/bin/nm -B conftest.o \| sed -n -e 's/^.*[ ]\([ABCDGIRSTW][ABCDGIRSTW]*\)[ ][ ]*\([_A-Za-z][_A-Za-z0-9]*\)$/\1 \2 \2/p' | sed '/ __gnu_lto/d' \> conftest.nm
configure:5556: $? = 0
configure:5622: gcc -o conftest -g -O2   conftest.c conftstm.o >&5
configure:5625: $? = 0
configure:5663: result: ok
configure:5710: checking for sysroot
configure:5740: result: no
configure:5747: checking for a working dd
configure:5785: result: /bin/dd
configure:5789: checking how to truncate binary pipes
configure:5804: result: /bin/dd bs=4096 count=1
configure:5925: gcc -c -g -O2  conftest.c >&5
configure:5928: $? = 0
configure:6118: checking for mt
configure:6134: found /bin/mt
configure:6145: result: mt
configure:6168: checking if mt is a manifest tool
configure:6174: mt '-?'
configure:6182: result: no
configure:6824: checking how to run the C preprocessor
configure:6855: gcc -E  conftest.c
configure:6855: $? = 0
configure:6869: gcc -E  conftest.c
conftest.c:9:28: fatal error: ac_nonexistent.h: No such file or directory
 #include <ac_nonexistent.h>
                            ^
compilation terminated.
configure:6869: $? = 1
configure: failed program was:
| /* confdefs.h */
| #define PACKAGE_NAME ""
| #define PACKAGE_TARNAME ""
| #define PACKAGE_VERSION ""
| #define PACKAGE_STRING ""
| #define PACKAGE_BUGREPORT ""
| #define PACKAGE_URL ""
| /* end confdefs.h.  */
| #include <ac_nonexistent.h>
configure:6894: result: gcc -E
configure:6914: gcc -E  conftest.c
configure:6914: $? = 0
configure:6928: gcc -E  conftest.c
conftest.c:9:28: fatal error: ac_nonexistent.h: No such file or directory
 #include <ac_nonexistent.h>
                            ^
compilation terminated.
configure:6928: $? = 1
configure: failed program was:
| /* confdefs.h */
| #define PACKAGE_NAME ""
| #define PACKAGE_TARNAME ""
| #define PACKAGE_VERSION ""
| #define PACKAGE_STRING ""
| #define PACKAGE_BUGREPORT ""
| #define PACKAGE_URL ""
| /* end confdefs.h.  */
| #include <ac_nonexistent.h>
configure:6957: checking for ANSI C header files
configure:6977: gcc -c -g -O2  conftest.c >&5
configure:6977: $? = 0
configure:7050: gcc -o conftest -g -O2   conftest.c  >&5
configure:7050: $? = 0
configure:7050: ./conftest
configure:7050: $? = 0
configure:7061: result: yes
configure:7074: checking for sys/types.h
configure:7074: gcc -c -g -O2  conftest.c >&5
configure:7074: $? = 0
configure:7074: result: yes
configure:7074: checking for sys/stat.h
configure:7074: gcc -c -g -O2  conftest.c >&5
configure:7074: $? = 0
configure:7074: result: yes
configure:7074: checking for stdlib.h
configure:7074: gcc -c -g -O2  conftest.c >&5
configure:7074: $? = 0
configure:7074: result: yes
configure:7074: checking for string.h
configure:7074: gcc -c -g -O2  conftest.c >&5
configure:7074: $? = 0
configure:7074: result: yes
configure:7074: checking for memory.h
configure:7074: gcc -c -g -O2  conftest.c >&5
configure:7074: $? = 0
configure:7074: result: yes
configure:7074: checking for strings.h
configure:7074: gcc -c -g -O2  conftest.c >&5
configure:7074: $? = 0
configure:7074: result: yes
configure:7074: checking for inttypes.h
configure:7074: gcc -c -g -O2  conftest.c >&5
configure:7074: $? = 0
configure:7074: result: yes
configure:7074: checking for stdint.h
configure:7074: gcc -c -g -O2  conftest.c >&5
configure:7074: $? = 0
configure:7074: result: yes
configure:7074: checking for unistd.h
configure:7074: gcc -c -g -O2  conftest.c >&5
configure:7074: $? = 0
configure:7074: result: yes
configure:7088: checking for dlfcn.h
configure:7088: gcc -c -g -O2  conftest.c >&5
configure:7088: $? = 0
configure:7088: result: yes
configure:7344: checking for objdir
configure:7359: result: .libs
configure:7630: checking if gcc supports -fno-rtti -fno-exceptions
configure:7648: gcc -c -g -O2  -fno-rtti -fno-exceptions conftest.c >&5
cc1: warning: command line option '-fno-rtti' is valid for C++/ObjC++ but not for C [enabled by default]
configure:7652: $? = 0
configure:7665: result: no
configure:8023: checking for gcc option to produce PIC
configure:8030: result: -fPIC -DPIC
configure:8038: checking if gcc PIC flag -fPIC -DPIC works
configure:8056: gcc -c -g -O2  -fPIC -DPIC -DPIC conftest.c >&5
configure:8060: $? = 0
configure:8073: result: yes
configure:8102: checking if gcc static flag -static works
configure:8130: result: yes
configure:8145: checking if gcc supports -c -o file.o
configure:8166: gcc -c -g -O2  -o out/conftest2.o conftest.c >&5
configure:8170: $? = 0
configure:8192: result: yes
configure:8200: checking if gcc supports -c -o file.o
configure:8247: result: yes
configure:8280: checking whether the gcc linker (/usr/bin/ld -m elf_x86_64) supports shared libraries
configure:9539: result: yes
configure:9576: checking whether -lc should be explicitly linked in
configure:9584: gcc -c -g -O2  conftest.c >&5
configure:9587: $? = 0
configure:9602: gcc -shared  -fPIC -DPIC conftest.o  -v -Wl,-soname -Wl,conftest -o conftest 2\>\&1 \| /bin/grep  -lc  \>/dev/null 2\>\&1
configure:9605: $? = 0
configure:9619: result: no
configure:9779: checking dynamic linker characteristics
configure:10356: gcc -o conftest -g -O2   -Wl,-rpath -Wl,/foo conftest.c  >&5
configure:10356: $? = 0
configure:10588: result: GNU/Linux ld.so
configure:10695: checking how to hardcode library paths into programs
configure:10720: result: immediate
configure:11268: checking whether stripping libraries is possible
configure:11273: result: yes
configure:11308: checking if libtool supports shared libraries
configure:11310: result: yes
configure:11313: checking whether to build shared libraries
configure:11338: result: yes
configure:11341: checking whether to build static libraries
configure:11345: result: yes
configure:11431: checking for gcc
configure:11458: result: gcc
configure:11687: checking for C compiler version
configure:11696: gcc --version >&5
gcc (Ubuntu 4.8.4-2ubuntu1~14.04.3) 4.8.4
Copyright (C) 2013 Free Software Foundation, Inc.
This is free software; see the source for copying conditions.  There is NO
warranty; not even for MERCHANTABILITY or FITNESS FOR A PARTICULAR PURPOSE.

configure:11707: $? = 0
configure:11696: gcc -v >&5
Using built-in specs.
COLLECT_GCC=gcc
COLLECT_LTO_WRAPPER=/usr/lib/gcc/x86_64-linux-gnu/4.8/lto-wrapper
Target: x86_64-linux-gnu
Configured with: ../src/configure -v --with-pkgversion='Ubuntu 4.8.4-2ubuntu1~14.04.3' --with-bugurl=file:///usr/share/doc/gcc-4.8/README.Bugs --enable-languages=c,c++,java,go,d,fortran,objc,obj-c++ --prefix=/usr --program-suffix=-4.8 --enable-shared --enable-linker-build-id --libexecdir=/usr/lib --without-included-gettext --enable-threads=posix --with-gxx-include-dir=/usr/include/c++/4.8 --libdir=/usr/lib --enable-nls --with-sysroot=/ --enable-clocale=gnu --enable-libstdcxx-debug --enable-libstdcxx-time=yes --enable-gnu-unique-object --disable-libmudflap --enable-plugin --with-system-zlib --disable-browser-plugin --enable-java-awt=gtk --enable-gtk-cairo --with-java-home=/usr/lib/jvm/java-1.5.0-gcj-4.8-amd64/jre --enable-java-home --with-jvm-root-dir=/usr/lib/jvm/java-1.5.0-gcj-4.8-amd64 --with-jvm-jar-dir=/usr/lib/jvm-exports/java-1.5.0-gcj-4.8-amd64 --with-arch-directory=amd64 --with-ecj-jar=/usr/share/java/eclipse-ecj.jar --enable-objc-gc --enable-multiarch --disable-werror --with-arch-32=i686 --with-abi=m64 --with-multilib-list=m32,m64,mx32 --with-tune=generic --enable-checking=release --build=x86_64-linux-gnu --host=x86_64-linux-gnu --target=x86_64-linux-gnu
Thread model: posix
gcc version 4.8.4 (Ubuntu 4.8.4-2ubuntu1~14.04.3) 
configure:11707: $? = 0
configure:11696: gcc -V >&5
gcc: error: unrecognized command line option '-V'
gcc: fatal error: no input files
compilation terminated.
configure:11707: $? = 4
configure:11696: gcc -qversion >&5
gcc: error: unrecognized command line option '-qversion'
gcc: fatal error: no input files
compilation terminated.
configure:11707: $? = 4
configure:11711: checking whether we are using the GNU C compiler
configure:11739: result: yes
configure:11748: checking whether gcc accepts -g
configure:11809: result: yes
configure:11826: checking for gcc option to accept ISO C89
configure:11902: result: none needed
configure:11927: checking how to run the C preprocessor
configure:11997: result: gcc -E
configure:12017: gcc -E  conftest.c
configure:12017: $? = 0
configure:12031: gcc -E  conftest.c
conftest.c:21:28: fatal error: ac_nonexistent.h: No such file or directory
 #include <ac_nonexistent.h>
                            ^
compilation terminated.
configure:12031: $? = 1
configure: failed program was:
| /* confdefs.h */
| #define PACKAGE_NAME ""
| #define PACKAGE_TARNAME ""
| #define PACKAGE_VERSION ""
| #define PACKAGE_STRING ""
| #define PACKAGE_BUGREPORT ""
| #define PACKAGE_URL ""
| #define STDC_HEADERS 1
| #define HAVE_SYS_TYPES_H 1
| #define HAVE_SYS_STAT_H 1
| #define HAVE_STDLIB_H 1
| #define HAVE_STRING_H 1
| #define HAVE_MEMORY_H 1
| #define HAVE_STRINGS_H 1
| #define HAVE_INTTYPES_H 1
| #define HAVE_STDINT_H 1
| #define HAVE_UNISTD_H 1
| #define HAVE_DLFCN_H 1
| #define LT_OBJDIR ".libs/"
| /* end confdefs.h.  */
| #include <ac_nonexistent.h>
configure:12117: checking for g++
configure:12133: found /usr/bin/g++
configure:12144: result: g++
configure:12171: checking for C++ compiler version
configure:12180: g++ --version >&5
g++ (Ubuntu 4.8.4-2ubuntu1~14.04.3) 4.8.4
Copyright (C) 2013 Free Software Foundation, Inc.
This is free software; see the source for copying conditions.  There is NO
warranty; not even for MERCHANTABILITY or FITNESS FOR A PARTICULAR PURPOSE.

configure:12191: $? = 0
configure:12180: g++ -v >&5
Using built-in specs.
COLLECT_GCC=g++
COLLECT_LTO_WRAPPER=/usr/lib/gcc/x86_64-linux-gnu/4.8/lto-wrapper
Target: x86_64-linux-gnu
Configured with: ../src/configure -v --with-pkgversion='Ubuntu 4.8.4-2ubuntu1~14.04.3' --with-bugurl=file:///usr/share/doc/gcc-4.8/README.Bugs --enable-languages=c,c++,java,go,d,fortran,objc,obj-c++ --prefix=/usr --program-suffix=-4.8 --enable-shared --enable-linker-build-id --libexecdir=/usr/lib --without-included-gettext --enable-threads=posix --with-gxx-include-dir=/usr/include/c++/4.8 --libdir=/usr/lib --enable-nls --with-sysroot=/ --enable-clocale=gnu --enable-libstdcxx-debug --enable-libstdcxx-time=yes --enable-gnu-unique-object --disable-libmudflap --enable-plugin --with-system-zlib --disable-browser-plugin --enable-java-awt=gtk --enable-gtk-cairo --with-java-home=/usr/lib/jvm/java-1.5.0-gcj-4.8-amd64/jre --enable-java-home --with-jvm-root-dir=/usr/lib/jvm/java-1.5.0-gcj-4.8-amd64 --with-jvm-jar-dir=/usr/lib/jvm-exports/java-1.5.0-gcj-4.8-amd64 --with-arch-directory=amd64 --with-ecj-jar=/usr/share/java/eclipse-ecj.jar --enable-objc-gc --enable-multiarch --disable-werror --with-arch-32=i686 --with-abi=m64 --with-multilib-list=m32,m64,mx32 --with-tune=generic --enable-checking=release --build=x86_64-linux-gnu --host=x86_64-linux-gnu --target=x86_64-linux-gnu
Thread model: posix
gcc version 4.8.4 (Ubuntu 4.8.4-2ubuntu1~14.04.3) 
configure:12191: $? = 0
configure:12180: g++ -V >&5
g++: error: unrecognized command line option '-V'
g++: fatal error: no input files
compilation terminated.
configure:12191: $? = 4
configure:12180: g++ -qversion >&5
g++: error: unrecognized command line option '-qversion'
g++: fatal error: no input files
compilation terminated.
configure:12191: $? = 4
configure:12195: checking whether we are using the GNU C++ compiler
configure:12214: g++ -c   conftest.cpp >&5
configure:12214: $? = 0
configure:12223: result: yes
configure:12232: checking whether g++ accepts -g
configure:12252: g++ -c -g  conftest.cpp >&5
configure:12252: $? = 0
configure:12293: result: yes
configure:12334: checking how to run the C++ preprocessor
configure:12361: g++ -E  conftest.cpp
configure:12361: $? = 0
configure:12375: g++ -E  conftest.cpp
conftest.cpp:21:28: fatal error: ac_nonexistent.h: No such file or directory
 #include <ac_nonexistent.h>
                            ^
compilation terminated.
configure:12375: $? = 1
configure: failed program was:
| /* confdefs.h */
| #define PACKAGE_NAME ""
| #define PACKAGE_TARNAME ""
| #define PACKAGE_VERSION ""
| #define PACKAGE_STRING ""
| #define PACKAGE_BUGREPORT ""
| #define PACKAGE_URL ""
| #define STDC_HEADERS 1
| #define HAVE_SYS_TYPES_H 1
| #define HAVE_SYS_STAT_H 1
| #define HAVE_STDLIB_H 1
| #define HAVE_STRING_H 1
| #define HAVE_MEMORY_H 1
| #define HAVE_STRINGS_H 1
| #define HAVE_INTTYPES_H 1
| #define HAVE_STDINT_H 1
| #define HAVE_UNISTD_H 1
| #define HAVE_DLFCN_H 1
| #define LT_OBJDIR ".libs/"
| /* end confdefs.h.  */
| #include <ac_nonexistent.h>
configure:12400: result: g++ -E
configure:12420: g++ -E  conftest.cpp
configure:12420: $? = 0
configure:12434: g++ -E  conftest.cpp
conftest.cpp:21:28: fatal error: ac_nonexistent.h: No such file or directory
 #include <ac_nonexistent.h>
                            ^
compilation terminated.
configure:12434: $? = 1
configure: failed program was:
| /* confdefs.h */
| #define PACKAGE_NAME ""
| #define PACKAGE_TARNAME ""
| #define PACKAGE_VERSION ""
| #define PACKAGE_STRING ""
| #define PACKAGE_BUGREPORT ""
| #define PACKAGE_URL ""
| #define STDC_HEADERS 1
| #define HAVE_SYS_TYPES_H 1
| #define HAVE_SYS_STAT_H 1
| #define HAVE_STDLIB_H 1
| #define HAVE_STRING_H 1
| #define HAVE_MEMORY_H 1
| #define HAVE_STRINGS_H 1
| #define HAVE_INTTYPES_H 1
| #define HAVE_STDINT_H 1
| #define HAVE_UNISTD_H 1
| #define HAVE_DLFCN_H 1
| #define LT_OBJDIR ".libs/"
| /* end confdefs.h.  */
| #include <ac_nonexistent.h>
configure:12603: checking for ld used by g++
configure:12670: result: /usr/bin/ld -m elf_x86_64
configure:12677: checking if the linker (/usr/bin/ld -m elf_x86_64) is GNU ld
configure:12692: result: yes
configure:12747: checking whether the g++ linker (/usr/bin/ld -m elf_x86_64) supports shared libraries
configure:13820: result: yes
configure:13856: g++ -c -g -O2  conftest.cpp >&5
configure:13859: $? = 0
configure:14385: checking for g++ option to produce PIC
configure:14392: result: -fPIC -DPIC
configure:14400: checking if g++ PIC flag -fPIC -DPIC works
configure:14418: g++ -c -g -O2  -fPIC -DPIC -DPIC conftest.cpp >&5
configure:14422: $? = 0
configure:14435: result: yes
configure:14458: checking if g++ static flag -static works
configure:14486: result: yes
configure:14498: checking if g++ supports -c -o file.o
configure:14519: g++ -c -g -O2  -o out/conftest2.o conftest.cpp >&5
configure:14523: $? = 0
configure:14545: result: yes
configure:14550: checking if g++ supports -c -o file.o
configure:14597: result: yes
configure:14627: checking whether the g++ linker (/usr/bin/ld -m elf_x86_64) supports shared libraries
configure:14667: result: yes
configure:14808: checking dynamic linker characteristics
configure:15544: result: GNU/Linux ld.so
configure:15597: checking how to hardcode library paths into programs
configure:15622: result: immediate
configure:15662: checking for grep that handles long lines and -e
configure:15720: result: /bin/grep
configure:15727: checking for ant
configure:15760: result: no
configure:15769: checking for cpp
configure:15787: found /usr/bin/cpp
configure:15799: result: /usr/bin/cpp
configure:15865: checking if g++ supports -Wall
configure:15883: gcc -c -g -O2  -Wall conftest.c >&5
configure:15887: $? = 0
configure:15900: result: yes
configure:15909: checking if g++ supports -Wmissing-prototypes
configure:15927: gcc -c -g -O2  -Wmissing-prototypes conftest.c >&5
configure:15931: $? = 0
configure:15944: result: yes
configure:15956: checking if g++ supports -ffloat-store
configure:15974: gcc -c -g -O2  -ffloat-store conftest.c >&5
configure:15978: $? = 0
configure:15991: result: yes
configure:16034: checking for flex
configure:16064: result: no
configure:16034: checking for lex
configure:16064: result: no
configure:16193: checking for bison
configure:16223: result: no
configure:16193: checking for byacc
configure:16223: result: no
configure:16235: checking ieeefp.h usability
configure:16235: gcc -c -g -O2  conftest.c >&5
conftest.c:57:20: fatal error: ieeefp.h: No such file or directory
 #include <ieeefp.h>
                    ^
compilation terminated.
configure:16235: $? = 1
configure: failed program was:
| /* confdefs.h */
| #define PACKAGE_NAME ""
| #define PACKAGE_TARNAME ""
| #define PACKAGE_VERSION ""
| #define PACKAGE_STRING ""
| #define PACKAGE_BUGREPORT ""
| #define PACKAGE_URL ""
| #define STDC_HEADERS 1
| #define HAVE_SYS_TYPES_H 1
| #define HAVE_SYS_STAT_H 1
| #define HAVE_STDLIB_H 1
| #define HAVE_STRING_H 1
| #define HAVE_MEMORY_H 1
| #define HAVE_STRINGS_H 1
| #define HAVE_INTTYPES_H 1
| #define HAVE_STDINT_H 1
| #define HAVE_UNISTD_H 1
| #define HAVE_DLFCN_H 1
| #define LT_OBJDIR ".libs/"
| #define POSTGIS_MAJOR_VERSION "2"
| #define POSTGIS_MINOR_VERSION "1"
| #define POSTGIS_MICRO_VERSION "5"
| /* end confdefs.h.  */
| #include <stdio.h>
| #ifdef HAVE_SYS_TYPES_H
| # include <sys/types.h>
| #endif
| #ifdef HAVE_SYS_STAT_H
| # include <sys/stat.h>
| #endif
| #ifdef STDC_HEADERS
| # include <stdlib.h>
| # include <stddef.h>
| #else
| # ifdef HAVE_STDLIB_H
| #  include <stdlib.h>
| # endif
| #endif
| #ifdef HAVE_STRING_H
| # if !defined STDC_HEADERS && defined HAVE_MEMORY_H
| #  include <memory.h>
| # endif
| # include <string.h>
| #endif
| #ifdef HAVE_STRINGS_H
| # include <strings.h>
| #endif
| #ifdef HAVE_INTTYPES_H
| # include <inttypes.h>
| #endif
| #ifdef HAVE_STDINT_H
| # include <stdint.h>
| #endif
| #ifdef HAVE_UNISTD_H
| # include <unistd.h>
| #endif
| #include <ieeefp.h>
configure:16235: result: no
configure:16235: checking ieeefp.h presence
configure:16235: gcc -E  conftest.c
conftest.c:24:20: fatal error: ieeefp.h: No such file or directory
 #include <ieeefp.h>
                    ^
compilation terminated.
configure:16235: $? = 1
configure: failed program was:
| /* confdefs.h */
| #define PACKAGE_NAME ""
| #define PACKAGE_TARNAME ""
| #define PACKAGE_VERSION ""
| #define PACKAGE_STRING ""
| #define PACKAGE_BUGREPORT ""
| #define PACKAGE_URL ""
| #define STDC_HEADERS 1
| #define HAVE_SYS_TYPES_H 1
| #define HAVE_SYS_STAT_H 1
| #define HAVE_STDLIB_H 1
| #define HAVE_STRING_H 1
| #define HAVE_MEMORY_H 1
| #define HAVE_STRINGS_H 1
| #define HAVE_INTTYPES_H 1
| #define HAVE_STDINT_H 1
| #define HAVE_UNISTD_H 1
| #define HAVE_DLFCN_H 1
| #define LT_OBJDIR ".libs/"
| #define POSTGIS_MAJOR_VERSION "2"
| #define POSTGIS_MINOR_VERSION "1"
| #define POSTGIS_MICRO_VERSION "5"
| /* end confdefs.h.  */
| #include <ieeefp.h>
configure:16235: result: no
configure:16235: checking for ieeefp.h
configure:16235: result: no
configure:16248: checking termios.h usability
configure:16248: gcc -c -g -O2  conftest.c >&5
configure:16248: $? = 0
configure:16248: result: yes
configure:16248: checking termios.h presence
configure:16248: gcc -E  conftest.c
configure:16248: $? = 0
configure:16248: result: yes
configure:16248: checking for termios.h
configure:16248: result: yes
configure:16263: checking for vasprintf
configure:16263: gcc -o conftest -g -O2   conftest.c  >&5
configure:16263: $? = 0
configure:16263: result: yes
configure:16272: checking for asprintf
configure:16272: gcc -o conftest -g -O2   conftest.c  >&5
configure:16272: $? = 0
configure:16272: result: yes
configure:16281: checking for strcasestr
configure:16281: gcc -o conftest -g -O2   conftest.c  >&5
configure:16281: $? = 0
configure:16281: result: yes
configure:16287: checking for _LARGEFILE_SOURCE value needed for large files
configure:16306: gcc -o conftest -g -O2   conftest.c  >&5
configure:16306: $? = 0
configure:16334: result: no
configure:16356: checking whether isfinite is declared
configure:16356: gcc -c -g -O2  conftest.c >&5
configure:16356: $? = 0
configure:16356: result: yes
configure:16366: checking whether isfinite is declared
configure:16366: gcc -c -g -O2  conftest.c >&5
configure:16366: $? = 0
configure:16366: result: yes
configure:16389: checking for perl
configure:16407: found /usr/bin/perl
configure:16419: result: /usr/bin/perl
configure:16437: checking for convert
configure:16455: found /usr/bin/convert
configure:16467: result: /usr/bin/convert
configure:16483: checking for xsltproc
configure:16516: result: no
configure:16522: WARNING: xsltproc is not installed so documentation cannot be built
configure:16529: checking for xmllint
configure:16562: result: no
configure:16568: WARNING: xmllint is not installed so documentation cannot be checked
configure:16577: checking for dblatex
configure:16610: result: no
configure:16616: WARNING: dblatex is not installed so PDF documentation cannot be built
configure:16652: WARNING: could not locate Docbook stylesheets required to build the documentation
configure:16698: checking CUnit/CUnit.h usability
configure:16698: gcc -c -g -O2  conftest.c >&5
conftest.c:65:25: fatal error: CUnit/CUnit.h: No such file or directory
 #include <CUnit/CUnit.h>
                         ^
compilation terminated.
configure:16698: $? = 1
configure: failed program was:
| /* confdefs.h */
| #define PACKAGE_NAME ""
| #define PACKAGE_TARNAME ""
| #define PACKAGE_VERSION ""
| #define PACKAGE_STRING ""
| #define PACKAGE_BUGREPORT ""
| #define PACKAGE_URL ""
| #define STDC_HEADERS 1
| #define HAVE_SYS_TYPES_H 1
| #define HAVE_SYS_STAT_H 1
| #define HAVE_STDLIB_H 1
| #define HAVE_STRING_H 1
| #define HAVE_MEMORY_H 1
| #define HAVE_STRINGS_H 1
| #define HAVE_INTTYPES_H 1
| #define HAVE_STDINT_H 1
| #define HAVE_UNISTD_H 1
| #define HAVE_DLFCN_H 1
| #define LT_OBJDIR ".libs/"
| #define POSTGIS_MAJOR_VERSION "2"
| #define POSTGIS_MINOR_VERSION "1"
| #define POSTGIS_MICRO_VERSION "5"
| #define HAVE_IEEEFP_H 0
| #define HAVE_TERMIOS_H 1
| #define HAVE_VASPRINTF 1
| #define HAVE_ASPRINTF 1
| #define HAVE_STRCASESTR 1
| #define HAVE_FSEEKO 1
| #define HAVE_ISFINITE 1
| #define HAVE_GNU_ISFINITE 1
| /* end confdefs.h.  */
| #include <stdio.h>
| #ifdef HAVE_SYS_TYPES_H
| # include <sys/types.h>
| #endif
| #ifdef HAVE_SYS_STAT_H
| # include <sys/stat.h>
| #endif
| #ifdef STDC_HEADERS
| # include <stdlib.h>
| # include <stddef.h>
| #else
| # ifdef HAVE_STDLIB_H
| #  include <stdlib.h>
| # endif
| #endif
| #ifdef HAVE_STRING_H
| # if !defined STDC_HEADERS && defined HAVE_MEMORY_H
| #  include <memory.h>
| # endif
| # include <string.h>
| #endif
| #ifdef HAVE_STRINGS_H
| # include <strings.h>
| #endif
| #ifdef HAVE_INTTYPES_H
| # include <inttypes.h>
| #endif
| #ifdef HAVE_STDINT_H
| # include <stdint.h>
| #endif
| #ifdef HAVE_UNISTD_H
| # include <unistd.h>
| #endif
| #include <CUnit/CUnit.h>
configure:16698: result: no
configure:16698: checking CUnit/CUnit.h presence
configure:16698: gcc -E  conftest.c
conftest.c:32:25: fatal error: CUnit/CUnit.h: No such file or directory
 #include <CUnit/CUnit.h>
                         ^
compilation terminated.
configure:16698: $? = 1
configure: failed program was:
| /* confdefs.h */
| #define PACKAGE_NAME ""
| #define PACKAGE_TARNAME ""
| #define PACKAGE_VERSION ""
| #define PACKAGE_STRING ""
| #define PACKAGE_BUGREPORT ""
| #define PACKAGE_URL ""
| #define STDC_HEADERS 1
| #define HAVE_SYS_TYPES_H 1
| #define HAVE_SYS_STAT_H 1
| #define HAVE_STDLIB_H 1
| #define HAVE_STRING_H 1
| #define HAVE_MEMORY_H 1
| #define HAVE_STRINGS_H 1
| #define HAVE_INTTYPES_H 1
| #define HAVE_STDINT_H 1
| #define HAVE_UNISTD_H 1
| #define HAVE_DLFCN_H 1
| #define LT_OBJDIR ".libs/"
| #define POSTGIS_MAJOR_VERSION "2"
| #define POSTGIS_MINOR_VERSION "1"
| #define POSTGIS_MICRO_VERSION "5"
| #define HAVE_IEEEFP_H 0
| #define HAVE_TERMIOS_H 1
| #define HAVE_VASPRINTF 1
| #define HAVE_ASPRINTF 1
| #define HAVE_STRCASESTR 1
| #define HAVE_FSEEKO 1
| #define HAVE_ISFINITE 1
| #define HAVE_GNU_ISFINITE 1
| /* end confdefs.h.  */
| #include <CUnit/CUnit.h>
configure:16698: result: no
configure:16698: checking for CUnit/CUnit.h
configure:16698: result: no
configure:16748: WARNING: could not locate CUnit required for unit tests
configure:16785: checking iconv.h usability
configure:16785: gcc -c -g -O2  conftest.c >&5
configure:16785: $? = 0
configure:16785: result: yes
configure:16785: checking iconv.h presence
configure:16785: gcc -E  conftest.c
configure:16785: $? = 0
configure:16785: result: yes
configure:16785: checking for iconv.h
configure:16785: result: yes
configure:16793: checking for libiconv_open in -liconv
configure:16818: gcc -o conftest -g -O2   conftest.c -liconv   >&5
/usr/bin/ld: cannot find -liconv
collect2: error: ld returned 1 exit status
configure:16818: $? = 1
configure: failed program was:
| /* confdefs.h */
| #define PACKAGE_NAME ""
| #define PACKAGE_TARNAME ""
| #define PACKAGE_VERSION ""
| #define PACKAGE_STRING ""
| #define PACKAGE_BUGREPORT ""
| #define PACKAGE_URL ""
| #define STDC_HEADERS 1
| #define HAVE_SYS_TYPES_H 1
| #define HAVE_SYS_STAT_H 1
| #define HAVE_STDLIB_H 1
| #define HAVE_STRING_H 1
| #define HAVE_MEMORY_H 1
| #define HAVE_STRINGS_H 1
| #define HAVE_INTTYPES_H 1
| #define HAVE_STDINT_H 1
| #define HAVE_UNISTD_H 1
| #define HAVE_DLFCN_H 1
| #define LT_OBJDIR ".libs/"
| #define POSTGIS_MAJOR_VERSION "2"
| #define POSTGIS_MINOR_VERSION "1"
| #define POSTGIS_MICRO_VERSION "5"
| #define HAVE_IEEEFP_H 0
| #define HAVE_TERMIOS_H 1
| #define HAVE_VASPRINTF 1
| #define HAVE_ASPRINTF 1
| #define HAVE_STRCASESTR 1
| #define HAVE_FSEEKO 1
| #define HAVE_ISFINITE 1
| #define HAVE_GNU_ISFINITE 1
| /* end confdefs.h.  */
| 
| /* Override any GCC internal prototype to avoid an error.
|    Use char because int might match the return type of a GCC
|    builtin and then its argument prototype would still apply.  */
| #ifdef __cplusplus
| extern "C"
| #endif
| char libiconv_open ();
| int
| main ()
| {
| return libiconv_open ();
|   ;
|   return 0;
| }
configure:16827: result: no
configure:16834: checking for iconv_open in -lc
configure:16859: gcc -o conftest -g -O2   conftest.c -lc   >&5
configure:16859: $? = 0
configure:16868: result: yes
configure:16927: checking for iconvctl
configure:16927: gcc -o conftest -g -O2   conftest.c  >&5
/tmp/ccdC7lZM.o: In function `main':
/home/wade/Documents/work/sensorseverywhere/se/docs/postgis-2.1.5/conftest.c:66: undefined reference to `iconvctl'
collect2: error: ld returned 1 exit status
configure:16927: $? = 1
configure: failed program was:
| /* confdefs.h */
| #define PACKAGE_NAME ""
| #define PACKAGE_TARNAME ""
| #define PACKAGE_VERSION ""
| #define PACKAGE_STRING ""
| #define PACKAGE_BUGREPORT ""
| #define PACKAGE_URL ""
| #define STDC_HEADERS 1
| #define HAVE_SYS_TYPES_H 1
| #define HAVE_SYS_STAT_H 1
| #define HAVE_STDLIB_H 1
| #define HAVE_STRING_H 1
| #define HAVE_MEMORY_H 1
| #define HAVE_STRINGS_H 1
| #define HAVE_INTTYPES_H 1
| #define HAVE_STDINT_H 1
| #define HAVE_UNISTD_H 1
| #define HAVE_DLFCN_H 1
| #define LT_OBJDIR ".libs/"
| #define POSTGIS_MAJOR_VERSION "2"
| #define POSTGIS_MINOR_VERSION "1"
| #define POSTGIS_MICRO_VERSION "5"
| #define HAVE_IEEEFP_H 0
| #define HAVE_TERMIOS_H 1
| #define HAVE_VASPRINTF 1
| #define HAVE_ASPRINTF 1
| #define HAVE_STRCASESTR 1
| #define HAVE_FSEEKO 1
| #define HAVE_ISFINITE 1
| #define HAVE_GNU_ISFINITE 1
| /* end confdefs.h.  */
| /* Define iconvctl to an innocuous variant, in case <limits.h> declares iconvctl.
|    For example, HP-UX 11i <limits.h> declares gettimeofday.  */
| #define iconvctl innocuous_iconvctl
| 
| /* System header to define __stub macros and hopefully few prototypes,
|     which can conflict with char iconvctl (); below.
|     Prefer <limits.h> to <assert.h> if __STDC__ is defined, since
|     <limits.h> exists even on freestanding compilers.  */
| 
| #ifdef __STDC__
| # include <limits.h>
| #else
| # include <assert.h>
| #endif
| 
| #undef iconvctl
| 
| /* Override any GCC internal prototype to avoid an error.
|    Use char because int might match the return type of a GCC
|    builtin and then its argument prototype would still apply.  */
| #ifdef __cplusplus
| extern "C"
| #endif
| char iconvctl ();
| /* The GNU C library defines this for functions which it implements
|     to always fail with ENOSYS.  Some functions are actually named
|     something starting with __ and the normal name is an alias.  */
| #if defined __stub_iconvctl || defined __stub___iconvctl
| choke me
| #endif
| 
| int
| main ()
| {
| return iconvctl ();
|   ;
|   return 0;
| }
configure:16927: result: no
configure:16927: checking for libiconvctl
configure:16927: gcc -o conftest -g -O2   conftest.c  >&5
/tmp/ccfOyNIG.o: In function `main':
/home/wade/Documents/work/sensorseverywhere/se/docs/postgis-2.1.5/conftest.c:66: undefined reference to `libiconvctl'
collect2: error: ld returned 1 exit status
configure:16927: $? = 1
configure: failed program was:
| /* confdefs.h */
| #define PACKAGE_NAME ""
| #define PACKAGE_TARNAME ""
| #define PACKAGE_VERSION ""
| #define PACKAGE_STRING ""
| #define PACKAGE_BUGREPORT ""
| #define PACKAGE_URL ""
| #define STDC_HEADERS 1
| #define HAVE_SYS_TYPES_H 1
| #define HAVE_SYS_STAT_H 1
| #define HAVE_STDLIB_H 1
| #define HAVE_STRING_H 1
| #define HAVE_MEMORY_H 1
| #define HAVE_STRINGS_H 1
| #define HAVE_INTTYPES_H 1
| #define HAVE_STDINT_H 1
| #define HAVE_UNISTD_H 1
| #define HAVE_DLFCN_H 1
| #define LT_OBJDIR ".libs/"
| #define POSTGIS_MAJOR_VERSION "2"
| #define POSTGIS_MINOR_VERSION "1"
| #define POSTGIS_MICRO_VERSION "5"
| #define HAVE_IEEEFP_H 0
| #define HAVE_TERMIOS_H 1
| #define HAVE_VASPRINTF 1
| #define HAVE_ASPRINTF 1
| #define HAVE_STRCASESTR 1
| #define HAVE_FSEEKO 1
| #define HAVE_ISFINITE 1
| #define HAVE_GNU_ISFINITE 1
| /* end confdefs.h.  */
| /* Define libiconvctl to an innocuous variant, in case <limits.h> declares libiconvctl.
|    For example, HP-UX 11i <limits.h> declares gettimeofday.  */
| #define libiconvctl innocuous_libiconvctl
| 
| /* System header to define __stub macros and hopefully few prototypes,
|     which can conflict with char libiconvctl (); below.
|     Prefer <limits.h> to <assert.h> if __STDC__ is defined, since
|     <limits.h> exists even on freestanding compilers.  */
| 
| #ifdef __STDC__
| # include <limits.h>
| #else
| # include <assert.h>
| #endif
| 
| #undef libiconvctl
| 
| /* Override any GCC internal prototype to avoid an error.
|    Use char because int might match the return type of a GCC
|    builtin and then its argument prototype would still apply.  */
| #ifdef __cplusplus
| extern "C"
| #endif
| char libiconvctl ();
| /* The GNU C library defines this for functions which it implements
|     to always fail with ENOSYS.  Some functions are actually named
|     something starting with __ and the normal name is an alias.  */
| #if defined __stub_libiconvctl || defined __stub___libiconvctl
| choke me
| #endif
| 
| int
| main ()
| {
| return libiconvctl ();
|   ;
|   return 0;
| }
configure:16927: result: no
configure:16967: checking for pg_config
configure:16985: found /usr/bin/pg_config
configure:16997: result: /usr/bin/pg_config
configure:17041: result: checking PostgreSQL version... PostgreSQL 9.4.8
configure:17094: checking libpq-fe.h usability
configure:17094: gcc -c -g -O2 -I/usr/include/postgresql conftest.c >&5
configure:17094: $? = 0
configure:17094: result: yes
configure:17094: checking libpq-fe.h presence
configure:17094: gcc -E -I/usr/include/postgresql conftest.c
configure:17094: $? = 0
configure:17094: result: yes
configure:17094: checking for libpq-fe.h
configure:17094: result: yes
configure:17106: checking for PQserverVersion in -lpq
configure:17131: gcc -o conftest -g -O2   conftest.c -lpq  -L/usr/lib/x86_64-linux-gnu -lpq >&5
configure:17131: $? = 0
configure:17140: result: yes
configure:17196: checking for xml2-config
configure:17214: found /usr/bin/xml2-config
configure:17226: result: /usr/bin/xml2-config
configure:17262: checking libxml/tree.h usability
configure:17262: gcc -c -g -O2 -I/usr/include/libxml2 conftest.c >&5
configure:17262: $? = 0
configure:17262: result: yes
configure:17262: checking libxml/tree.h presence
configure:17262: gcc -E -I/usr/include/libxml2 conftest.c
configure:17262: $? = 0
configure:17262: result: yes
configure:17262: checking for libxml/tree.h
configure:17262: result: yes
configure:17262: checking libxml/parser.h usability
configure:17262: gcc -c -g -O2 -I/usr/include/libxml2 conftest.c >&5
configure:17262: $? = 0
configure:17262: result: yes
configure:17262: checking libxml/parser.h presence
configure:17262: gcc -E -I/usr/include/libxml2 conftest.c
configure:17262: $? = 0
configure:17262: result: yes
configure:17262: checking for libxml/parser.h
configure:17262: result: yes
configure:17262: checking libxml/xpath.h usability
configure:17262: gcc -c -g -O2 -I/usr/include/libxml2 conftest.c >&5
configure:17262: $? = 0
configure:17262: result: yes
configure:17262: checking libxml/xpath.h presence
configure:17262: gcc -E -I/usr/include/libxml2 conftest.c
configure:17262: $? = 0
configure:17262: result: yes
configure:17262: checking for libxml/xpath.h
configure:17262: result: yes
configure:17262: checking libxml/xpathInternals.h usability
configure:17262: gcc -c -g -O2 -I/usr/include/libxml2 conftest.c >&5
configure:17262: $? = 0
configure:17262: result: yes
configure:17262: checking libxml/xpathInternals.h presence
configure:17262: gcc -E -I/usr/include/libxml2 conftest.c
configure:17262: $? = 0
configure:17262: result: yes
configure:17262: checking for libxml/xpathInternals.h
configure:17262: result: yes
configure:17278: checking for xmlInitParser in -lxml2
configure:17303: gcc -o conftest -g -O2   conftest.c -lxml2  -lxml2 >&5
configure:17303: $? = 0
configure:17312: result: yes
configure:17349: checking for geos-config
configure:17367: found /usr/local/bin/geos-config
configure:17379: result: /usr/local/bin/geos-config
configure:17416: result: checking GEOS version... 3.5.0
configure:17429: checking geos_c.h usability
configure:17429: gcc -c -g -O2 -I/usr/local/include conftest.c >&5
configure:17429: $? = 0
configure:17429: result: yes
configure:17429: checking geos_c.h presence
configure:17429: gcc -E -I/usr/local/include conftest.c
configure:17429: $? = 0
configure:17429: result: yes
configure:17429: checking for geos_c.h
configure:17429: result: yes
configure:17441: checking for initGEOS in -lgeos_c
configure:17466: gcc -o conftest -g -O2   conftest.c -lgeos_c  -L/usr/local/lib >&5
configure:17466: $? = 0
configure:17475: result: yes
configure:17506: checking for sfcgal-config
configure:17539: result: no
configure:17604: checking whether make sets $(MAKE)
configure:17626: result: yes
configure:17649: checking for a BSD-compatible install
configure:17717: result: /usr/bin/install -c
configure:17728: checking for a thread-safe mkdir -p
configure:17767: result: /bin/mkdir -p
configure:17778: checking whether NLS is requested
configure:17787: result: yes
configure:17828: checking for msgfmt
configure: trying /usr/bin/msgfmt...
0 translated messages.
configure:17860: result: /usr/bin/msgfmt
configure:17869: checking for gmsgfmt
configure:17900: result: /usr/bin/msgfmt
configure:17951: checking for xgettext
configure: trying /usr/bin/xgettext...
/usr/bin/xgettext: warning: file '/dev/null' extension '' is unknown; will try C
configure:17983: result: /usr/bin/xgettext
configure:18029: checking for msgmerge
configure: trying /usr/bin/msgmerge...
configure:18060: result: /usr/bin/msgmerge
configure:18117: checking for ld used by GCC
configure:18181: result: /usr/bin/ld -m elf_x86_64
configure:18188: checking if the linker (/usr/bin/ld -m elf_x86_64) is GNU ld
configure:18201: result: yes
configure:18208: checking for shared library run path origin
configure:18221: result: done
configure:18722: checking for CFPreferencesCopyAppValue
configure:18740: gcc -o conftest -g -O2   conftest.c  -Wl,-framework -Wl,CoreFoundation >&5
conftest.c:44:42: fatal error: CoreFoundation/CFPreferences.h: No such file or directory
 #include <CoreFoundation/CFPreferences.h>
                                          ^
compilation terminated.
configure:18740: $? = 1
configure: failed program was:
| /* confdefs.h */
| #define PACKAGE_NAME ""
| #define PACKAGE_TARNAME ""
| #define PACKAGE_VERSION ""
| #define PACKAGE_STRING ""
| #define PACKAGE_BUGREPORT ""
| #define PACKAGE_URL ""
| #define STDC_HEADERS 1
| #define HAVE_SYS_TYPES_H 1
| #define HAVE_SYS_STAT_H 1
| #define HAVE_STDLIB_H 1
| #define HAVE_STRING_H 1
| #define HAVE_MEMORY_H 1
| #define HAVE_STRINGS_H 1
| #define HAVE_INTTYPES_H 1
| #define HAVE_STDINT_H 1
| #define HAVE_UNISTD_H 1
| #define HAVE_DLFCN_H 1
| #define LT_OBJDIR ".libs/"
| #define POSTGIS_MAJOR_VERSION "2"
| #define POSTGIS_MINOR_VERSION "1"
| #define POSTGIS_MICRO_VERSION "5"
| #define HAVE_IEEEFP_H 0
| #define HAVE_TERMIOS_H 1
| #define HAVE_VASPRINTF 1
| #define HAVE_ASPRINTF 1
| #define HAVE_STRCASESTR 1
| #define HAVE_FSEEKO 1
| #define HAVE_ISFINITE 1
| #define HAVE_GNU_ISFINITE 1
| #define HAVE_ICONV 1
| #define PGSQL_LOCALEDIR "/usr/share/locale"
| #define HAVE_LIBPQ 1
| #define POSTGIS_PGSQL_VERSION 94
| #define HAVE_LIBXML_TREE_H 1
| #define HAVE_LIBXML_PARSER_H 1
| #define HAVE_LIBXML_XPATH_H 1
| #define HAVE_LIBXML_XPATHINTERNALS_H 1
| #define HAVE_LIBXML2 1
| #define POSTGIS_LIBXML2_VERSION "2.9.1"
| #define HAVE_LIBGEOS_C 1
| #define POSTGIS_GEOS_VERSION 35
| /* end confdefs.h.  */
| #include <CoreFoundation/CFPreferences.h>
| int
| main ()
| {
| CFPreferencesCopyAppValue(NULL, NULL)
|   ;
|   return 0;
| }
configure:18749: result: no
configure:18756: checking for CFLocaleCopyCurrent
configure:18774: gcc -o conftest -g -O2   conftest.c  -Wl,-framework -Wl,CoreFoundation >&5
conftest.c:44:37: fatal error: CoreFoundation/CFLocale.h: No such file or directory
 #include <CoreFoundation/CFLocale.h>
                                     ^
compilation terminated.
configure:18774: $? = 1
configure: failed program was:
| /* confdefs.h */
| #define PACKAGE_NAME ""
| #define PACKAGE_TARNAME ""
| #define PACKAGE_VERSION ""
| #define PACKAGE_STRING ""
| #define PACKAGE_BUGREPORT ""
| #define PACKAGE_URL ""
| #define STDC_HEADERS 1
| #define HAVE_SYS_TYPES_H 1
| #define HAVE_SYS_STAT_H 1
| #define HAVE_STDLIB_H 1
| #define HAVE_STRING_H 1
| #define HAVE_MEMORY_H 1
| #define HAVE_STRINGS_H 1
| #define HAVE_INTTYPES_H 1
| #define HAVE_STDINT_H 1
| #define HAVE_UNISTD_H 1
| #define HAVE_DLFCN_H 1
| #define LT_OBJDIR ".libs/"
| #define POSTGIS_MAJOR_VERSION "2"
| #define POSTGIS_MINOR_VERSION "1"
| #define POSTGIS_MICRO_VERSION "5"
| #define HAVE_IEEEFP_H 0
| #define HAVE_TERMIOS_H 1
| #define HAVE_VASPRINTF 1
| #define HAVE_ASPRINTF 1
| #define HAVE_STRCASESTR 1
| #define HAVE_FSEEKO 1
| #define HAVE_ISFINITE 1
| #define HAVE_GNU_ISFINITE 1
| #define HAVE_ICONV 1
| #define PGSQL_LOCALEDIR "/usr/share/locale"
| #define HAVE_LIBPQ 1
| #define POSTGIS_PGSQL_VERSION 94
| #define HAVE_LIBXML_TREE_H 1
| #define HAVE_LIBXML_PARSER_H 1
| #define HAVE_LIBXML_XPATH_H 1
| #define HAVE_LIBXML_XPATHINTERNALS_H 1
| #define HAVE_LIBXML2 1
| #define POSTGIS_LIBXML2_VERSION "2.9.1"
| #define HAVE_LIBGEOS_C 1
| #define POSTGIS_GEOS_VERSION 35
| /* end confdefs.h.  */
| #include <CoreFoundation/CFLocale.h>
| int
| main ()
| {
| CFLocaleCopyCurrent();
|   ;
|   return 0;
| }
configure:18783: result: no
configure:18832: checking for GNU gettext in libc
configure:18852: gcc -o conftest -g -O2   conftest.c  >&5
configure:18852: $? = 0
configure:18861: result: yes
configure:19606: checking whether to use NLS
configure:19608: result: yes
configure:19611: checking where the gettext function comes from
configure:19622: result: libc
configure:19720: checking proj_api.h usability
configure:19720: gcc -c -g -O2  conftest.c >&5
configure:19720: $? = 0
configure:19720: result: yes
configure:19720: checking proj_api.h presence
configure:19720: gcc -E  conftest.c
configure:19720: $? = 0
configure:19720: result: yes
configure:19720: checking for proj_api.h
configure:19720: result: yes
configure:19758: gcc -o conftest -g -O2   conftest.c  >&5
configure:19758: $? = 0
configure:19758: ./conftest
configure:19758: $? = 0
configure:19790: checking for pj_get_release in -lproj
configure:19815: gcc -o conftest -g -O2   conftest.c -lproj   >&5
configure:19815: $? = 0
configure:19824: result: yes
configure:19875: checking json/json.h usability
configure:19875: gcc -c -g -O2  conftest.c >&5
conftest.c:82:23: fatal error: json/json.h: No such file or directory
 #include <json/json.h>
                       ^
compilation terminated.
configure:19875: $? = 1
configure: failed program was:
| /* confdefs.h */
| #define PACKAGE_NAME ""
| #define PACKAGE_TARNAME ""
| #define PACKAGE_VERSION ""
| #define PACKAGE_STRING ""
| #define PACKAGE_BUGREPORT ""
| #define PACKAGE_URL ""
| #define STDC_HEADERS 1
| #define HAVE_SYS_TYPES_H 1
| #define HAVE_SYS_STAT_H 1
| #define HAVE_STDLIB_H 1
| #define HAVE_STRING_H 1
| #define HAVE_MEMORY_H 1
| #define HAVE_STRINGS_H 1
| #define HAVE_INTTYPES_H 1
| #define HAVE_STDINT_H 1
| #define HAVE_UNISTD_H 1
| #define HAVE_DLFCN_H 1
| #define LT_OBJDIR ".libs/"
| #define POSTGIS_MAJOR_VERSION "2"
| #define POSTGIS_MINOR_VERSION "1"
| #define POSTGIS_MICRO_VERSION "5"
| #define HAVE_IEEEFP_H 0
| #define HAVE_TERMIOS_H 1
| #define HAVE_VASPRINTF 1
| #define HAVE_ASPRINTF 1
| #define HAVE_STRCASESTR 1
| #define HAVE_FSEEKO 1
| #define HAVE_ISFINITE 1
| #define HAVE_GNU_ISFINITE 1
| #define HAVE_ICONV 1
| #define PGSQL_LOCALEDIR "/usr/share/locale"
| #define HAVE_LIBPQ 1
| #define POSTGIS_PGSQL_VERSION 94
| #define HAVE_LIBXML_TREE_H 1
| #define HAVE_LIBXML_PARSER_H 1
| #define HAVE_LIBXML_XPATH_H 1
| #define HAVE_LIBXML_XPATHINTERNALS_H 1
| #define HAVE_LIBXML2 1
| #define POSTGIS_LIBXML2_VERSION "2.9.1"
| #define HAVE_LIBGEOS_C 1
| #define POSTGIS_GEOS_VERSION 35
| #define ENABLE_NLS 1
| #define HAVE_GETTEXT 1
| #define HAVE_DCGETTEXT 1
| #define POSTGIS_PROJ_VERSION 49
| #define HAVE_LIBPROJ 1
| /* end confdefs.h.  */
| #include <stdio.h>
| #ifdef HAVE_SYS_TYPES_H
| # include <sys/types.h>
| #endif
| #ifdef HAVE_SYS_STAT_H
| # include <sys/stat.h>
| #endif
| #ifdef STDC_HEADERS
| # include <stdlib.h>
| # include <stddef.h>
| #else
| # ifdef HAVE_STDLIB_H
| #  include <stdlib.h>
| # endif
| #endif
| #ifdef HAVE_STRING_H
| # if !defined STDC_HEADERS && defined HAVE_MEMORY_H
| #  include <memory.h>
| # endif
| # include <string.h>
| #endif
| #ifdef HAVE_STRINGS_H
| # include <strings.h>
| #endif
| #ifdef HAVE_INTTYPES_H
| # include <inttypes.h>
| #endif
| #ifdef HAVE_STDINT_H
| # include <stdint.h>
| #endif
| #ifdef HAVE_UNISTD_H
| # include <unistd.h>
| #endif
| #include <json/json.h>
configure:19875: result: no
configure:19875: checking json/json.h presence
configure:19875: gcc -E  conftest.c
conftest.c:49:23: fatal error: json/json.h: No such file or directory
 #include <json/json.h>
                       ^
compilation terminated.
configure:19875: $? = 1
configure: failed program was:
| /* confdefs.h */
| #define PACKAGE_NAME ""
| #define PACKAGE_TARNAME ""
| #define PACKAGE_VERSION ""
| #define PACKAGE_STRING ""
| #define PACKAGE_BUGREPORT ""
| #define PACKAGE_URL ""
| #define STDC_HEADERS 1
| #define HAVE_SYS_TYPES_H 1
| #define HAVE_SYS_STAT_H 1
| #define HAVE_STDLIB_H 1
| #define HAVE_STRING_H 1
| #define HAVE_MEMORY_H 1
| #define HAVE_STRINGS_H 1
| #define HAVE_INTTYPES_H 1
| #define HAVE_STDINT_H 1
| #define HAVE_UNISTD_H 1
| #define HAVE_DLFCN_H 1
| #define LT_OBJDIR ".libs/"
| #define POSTGIS_MAJOR_VERSION "2"
| #define POSTGIS_MINOR_VERSION "1"
| #define POSTGIS_MICRO_VERSION "5"
| #define HAVE_IEEEFP_H 0
| #define HAVE_TERMIOS_H 1
| #define HAVE_VASPRINTF 1
| #define HAVE_ASPRINTF 1
| #define HAVE_STRCASESTR 1
| #define HAVE_FSEEKO 1
| #define HAVE_ISFINITE 1
| #define HAVE_GNU_ISFINITE 1
| #define HAVE_ICONV 1
| #define PGSQL_LOCALEDIR "/usr/share/locale"
| #define HAVE_LIBPQ 1
| #define POSTGIS_PGSQL_VERSION 94
| #define HAVE_LIBXML_TREE_H 1
| #define HAVE_LIBXML_PARSER_H 1
| #define HAVE_LIBXML_XPATH_H 1
| #define HAVE_LIBXML_XPATHINTERNALS_H 1
| #define HAVE_LIBXML2 1
| #define POSTGIS_LIBXML2_VERSION "2.9.1"
| #define HAVE_LIBGEOS_C 1
| #define POSTGIS_GEOS_VERSION 35
| #define ENABLE_NLS 1
| #define HAVE_GETTEXT 1
| #define HAVE_DCGETTEXT 1
| #define POSTGIS_PROJ_VERSION 49
| #define HAVE_LIBPROJ 1
| /* end confdefs.h.  */
| #include <json/json.h>
configure:19875: result: no
configure:19875: checking for json/json.h
configure:19875: result: no
configure:19880: checking json-c/json.h usability
configure:19880: gcc -c -g -O2  conftest.c >&5
conftest.c:82:25: fatal error: json-c/json.h: No such file or directory
 #include <json-c/json.h>
                         ^
compilation terminated.
configure:19880: $? = 1
configure: failed program was:
| /* confdefs.h */
| #define PACKAGE_NAME ""
| #define PACKAGE_TARNAME ""
| #define PACKAGE_VERSION ""
| #define PACKAGE_STRING ""
| #define PACKAGE_BUGREPORT ""
| #define PACKAGE_URL ""
| #define STDC_HEADERS 1
| #define HAVE_SYS_TYPES_H 1
| #define HAVE_SYS_STAT_H 1
| #define HAVE_STDLIB_H 1
| #define HAVE_STRING_H 1
| #define HAVE_MEMORY_H 1
| #define HAVE_STRINGS_H 1
| #define HAVE_INTTYPES_H 1
| #define HAVE_STDINT_H 1
| #define HAVE_UNISTD_H 1
| #define HAVE_DLFCN_H 1
| #define LT_OBJDIR ".libs/"
| #define POSTGIS_MAJOR_VERSION "2"
| #define POSTGIS_MINOR_VERSION "1"
| #define POSTGIS_MICRO_VERSION "5"
| #define HAVE_IEEEFP_H 0
| #define HAVE_TERMIOS_H 1
| #define HAVE_VASPRINTF 1
| #define HAVE_ASPRINTF 1
| #define HAVE_STRCASESTR 1
| #define HAVE_FSEEKO 1
| #define HAVE_ISFINITE 1
| #define HAVE_GNU_ISFINITE 1
| #define HAVE_ICONV 1
| #define PGSQL_LOCALEDIR "/usr/share/locale"
| #define HAVE_LIBPQ 1
| #define POSTGIS_PGSQL_VERSION 94
| #define HAVE_LIBXML_TREE_H 1
| #define HAVE_LIBXML_PARSER_H 1
| #define HAVE_LIBXML_XPATH_H 1
| #define HAVE_LIBXML_XPATHINTERNALS_H 1
| #define HAVE_LIBXML2 1
| #define POSTGIS_LIBXML2_VERSION "2.9.1"
| #define HAVE_LIBGEOS_C 1
| #define POSTGIS_GEOS_VERSION 35
| #define ENABLE_NLS 1
| #define HAVE_GETTEXT 1
| #define HAVE_DCGETTEXT 1
| #define POSTGIS_PROJ_VERSION 49
| #define HAVE_LIBPROJ 1
| /* end confdefs.h.  */
| #include <stdio.h>
| #ifdef HAVE_SYS_TYPES_H
| # include <sys/types.h>
| #endif
| #ifdef HAVE_SYS_STAT_H
| # include <sys/stat.h>
| #endif
| #ifdef STDC_HEADERS
| # include <stdlib.h>
| # include <stddef.h>
| #else
| # ifdef HAVE_STDLIB_H
| #  include <stdlib.h>
| # endif
| #endif
| #ifdef HAVE_STRING_H
| # if !defined STDC_HEADERS && defined HAVE_MEMORY_H
| #  include <memory.h>
| # endif
| # include <string.h>
| #endif
| #ifdef HAVE_STRINGS_H
| # include <strings.h>
| #endif
| #ifdef HAVE_INTTYPES_H
| # include <inttypes.h>
| #endif
| #ifdef HAVE_STDINT_H
| # include <stdint.h>
| #endif
| #ifdef HAVE_UNISTD_H
| # include <unistd.h>
| #endif
| #include <json-c/json.h>
configure:19880: result: no
configure:19880: checking json-c/json.h presence
configure:19880: gcc -E  conftest.c
conftest.c:49:25: fatal error: json-c/json.h: No such file or directory
 #include <json-c/json.h>
                         ^
compilation terminated.
configure:19880: $? = 1
configure: failed program was:
| /* confdefs.h */
| #define PACKAGE_NAME ""
| #define PACKAGE_TARNAME ""
| #define PACKAGE_VERSION ""
| #define PACKAGE_STRING ""
| #define PACKAGE_BUGREPORT ""
| #define PACKAGE_URL ""
| #define STDC_HEADERS 1
| #define HAVE_SYS_TYPES_H 1
| #define HAVE_SYS_STAT_H 1
| #define HAVE_STDLIB_H 1
| #define HAVE_STRING_H 1
| #define HAVE_MEMORY_H 1
| #define HAVE_STRINGS_H 1
| #define HAVE_INTTYPES_H 1
| #define HAVE_STDINT_H 1
| #define HAVE_UNISTD_H 1
| #define HAVE_DLFCN_H 1
| #define LT_OBJDIR ".libs/"
| #define POSTGIS_MAJOR_VERSION "2"
| #define POSTGIS_MINOR_VERSION "1"
| #define POSTGIS_MICRO_VERSION "5"
| #define HAVE_IEEEFP_H 0
| #define HAVE_TERMIOS_H 1
| #define HAVE_VASPRINTF 1
| #define HAVE_ASPRINTF 1
| #define HAVE_STRCASESTR 1
| #define HAVE_FSEEKO 1
| #define HAVE_ISFINITE 1
| #define HAVE_GNU_ISFINITE 1
| #define HAVE_ICONV 1
| #define PGSQL_LOCALEDIR "/usr/share/locale"
| #define HAVE_LIBPQ 1
| #define POSTGIS_PGSQL_VERSION 94
| #define HAVE_LIBXML_TREE_H 1
| #define HAVE_LIBXML_PARSER_H 1
| #define HAVE_LIBXML_XPATH_H 1
| #define HAVE_LIBXML_XPATHINTERNALS_H 1
| #define HAVE_LIBXML2 1
| #define POSTGIS_LIBXML2_VERSION "2.9.1"
| #define HAVE_LIBGEOS_C 1
| #define POSTGIS_GEOS_VERSION 35
| #define ENABLE_NLS 1
| #define HAVE_GETTEXT 1
| #define HAVE_DCGETTEXT 1
| #define POSTGIS_PROJ_VERSION 49
| #define HAVE_LIBPROJ 1
| /* end confdefs.h.  */
| #include <json-c/json.h>
configure:19880: result: no
configure:19880: checking for json-c/json.h
configure:19880: result: no
configure:19894: checking for json_object_get in -ljson-c
configure:19919: gcc -o conftest -g -O2   conftest.c -ljson-c   >&5
/usr/bin/ld: cannot find -ljson-c
collect2: error: ld returned 1 exit status
configure:19919: $? = 1
configure: failed program was:
| /* confdefs.h */
| #define PACKAGE_NAME ""
| #define PACKAGE_TARNAME ""
| #define PACKAGE_VERSION ""
| #define PACKAGE_STRING ""
| #define PACKAGE_BUGREPORT ""
| #define PACKAGE_URL ""
| #define STDC_HEADERS 1
| #define HAVE_SYS_TYPES_H 1
| #define HAVE_SYS_STAT_H 1
| #define HAVE_STDLIB_H 1
| #define HAVE_STRING_H 1
| #define HAVE_MEMORY_H 1
| #define HAVE_STRINGS_H 1
| #define HAVE_INTTYPES_H 1
| #define HAVE_STDINT_H 1
| #define HAVE_UNISTD_H 1
| #define HAVE_DLFCN_H 1
| #define LT_OBJDIR ".libs/"
| #define POSTGIS_MAJOR_VERSION "2"
| #define POSTGIS_MINOR_VERSION "1"
| #define POSTGIS_MICRO_VERSION "5"
| #define HAVE_IEEEFP_H 0
| #define HAVE_TERMIOS_H 1
| #define HAVE_VASPRINTF 1
| #define HAVE_ASPRINTF 1
| #define HAVE_STRCASESTR 1
| #define HAVE_FSEEKO 1
| #define HAVE_ISFINITE 1
| #define HAVE_GNU_ISFINITE 1
| #define HAVE_ICONV 1
| #define PGSQL_LOCALEDIR "/usr/share/locale"
| #define HAVE_LIBPQ 1
| #define POSTGIS_PGSQL_VERSION 94
| #define HAVE_LIBXML_TREE_H 1
| #define HAVE_LIBXML_PARSER_H 1
| #define HAVE_LIBXML_XPATH_H 1
| #define HAVE_LIBXML_XPATHINTERNALS_H 1
| #define HAVE_LIBXML2 1
| #define POSTGIS_LIBXML2_VERSION "2.9.1"
| #define HAVE_LIBGEOS_C 1
| #define POSTGIS_GEOS_VERSION 35
| #define ENABLE_NLS 1
| #define HAVE_GETTEXT 1
| #define HAVE_DCGETTEXT 1
| #define POSTGIS_PROJ_VERSION 49
| #define HAVE_LIBPROJ 1
| /* end confdefs.h.  */
| 
| /* Override any GCC internal prototype to avoid an error.
|    Use char because int might match the return type of a GCC
|    builtin and then its argument prototype would still apply.  */
| #ifdef __cplusplus
| extern "C"
| #endif
| char json_object_get ();
| int
| main ()
| {
| return json_object_get ();
|   ;
|   return 0;
| }
configure:19928: result: no
configure:19934: checking for json_object_get in -ljson
configure:19959: gcc -o conftest -g -O2   conftest.c -ljson   >&5
/usr/bin/ld: cannot find -ljson
collect2: error: ld returned 1 exit status
configure:19959: $? = 1
configure: failed program was:
| /* confdefs.h */
| #define PACKAGE_NAME ""
| #define PACKAGE_TARNAME ""
| #define PACKAGE_VERSION ""
| #define PACKAGE_STRING ""
| #define PACKAGE_BUGREPORT ""
| #define PACKAGE_URL ""
| #define STDC_HEADERS 1
| #define HAVE_SYS_TYPES_H 1
| #define HAVE_SYS_STAT_H 1
| #define HAVE_STDLIB_H 1
| #define HAVE_STRING_H 1
| #define HAVE_MEMORY_H 1
| #define HAVE_STRINGS_H 1
| #define HAVE_INTTYPES_H 1
| #define HAVE_STDINT_H 1
| #define HAVE_UNISTD_H 1
| #define HAVE_DLFCN_H 1
| #define LT_OBJDIR ".libs/"
| #define POSTGIS_MAJOR_VERSION "2"
| #define POSTGIS_MINOR_VERSION "1"
| #define POSTGIS_MICRO_VERSION "5"
| #define HAVE_IEEEFP_H 0
| #define HAVE_TERMIOS_H 1
| #define HAVE_VASPRINTF 1
| #define HAVE_ASPRINTF 1
| #define HAVE_STRCASESTR 1
| #define HAVE_FSEEKO 1
| #define HAVE_ISFINITE 1
| #define HAVE_GNU_ISFINITE 1
| #define HAVE_ICONV 1
| #define PGSQL_LOCALEDIR "/usr/share/locale"
| #define HAVE_LIBPQ 1
| #define POSTGIS_PGSQL_VERSION 94
| #define HAVE_LIBXML_TREE_H 1
| #define HAVE_LIBXML_PARSER_H 1
| #define HAVE_LIBXML_XPATH_H 1
| #define HAVE_LIBXML_XPATHINTERNALS_H 1
| #define HAVE_LIBXML2 1
| #define POSTGIS_LIBXML2_VERSION "2.9.1"
| #define HAVE_LIBGEOS_C 1
| #define POSTGIS_GEOS_VERSION 35
| #define ENABLE_NLS 1
| #define HAVE_GETTEXT 1
| #define HAVE_DCGETTEXT 1
| #define POSTGIS_PROJ_VERSION 49
| #define HAVE_LIBPROJ 1
| /* end confdefs.h.  */
| 
| /* Override any GCC internal prototype to avoid an error.
|    Use char because int might match the return type of a GCC
|    builtin and then its argument prototype would still apply.  */
| #ifdef __cplusplus
| extern "C"
| #endif
| char json_object_get ();
| int
| main ()
| {
| return json_object_get ();
|   ;
|   return 0;
| }
configure:19968: result: no
configure:20401: result: CPPFLAGS:  -I/usr/local/include  -I/usr/include/libxml2  
configure:20417: result: TOPOLOGY: Topology support requested
configure:20445: result: RASTER: Raster support requested
configure:20535: checking for gdal-config
configure:20553: found /usr/local/bin/gdal-config
configure:20565: result: /usr/local/bin/gdal-config
configure:20577: checking GDAL version
configure:20588: result: 1.11.2
configure:20602: checking for OGR enabled
configure:20610: result: yes
configure:20626: checking gdal.h usability
configure:20626: gcc -c  -I/usr/local/include conftest.c >&5
configure:20626: $? = 0
configure:20626: result: yes
configure:20626: checking gdal.h presence
configure:20626: gcc -E -I/usr/local/include conftest.c
configure:20626: $? = 0
configure:20626: result: yes
configure:20626: checking for gdal.h
configure:20626: result: yes
configure:20626: checking ogr_api.h usability
configure:20626: gcc -c  -I/usr/local/include conftest.c >&5
configure:20626: $? = 0
configure:20626: result: yes
configure:20626: checking ogr_api.h presence
configure:20626: gcc -E -I/usr/local/include conftest.c
configure:20626: $? = 0
configure:20626: result: yes
configure:20626: checking for ogr_api.h
configure:20626: result: yes
configure:20626: checking cpl_conv.h usability
configure:20626: gcc -c  -I/usr/local/include conftest.c >&5
configure:20626: $? = 0
configure:20626: result: yes
configure:20626: checking cpl_conv.h presence
configure:20626: gcc -E -I/usr/local/include conftest.c
configure:20626: $? = 0
configure:20626: result: yes
configure:20626: checking for cpl_conv.h
configure:20626: result: yes
configure:20639: checking for library containing GDALAllRegister
configure:20670: gcc -o conftest  -I/usr/local/include  conftest.c -L/usr/local/lib -lgdal >&5
configure:20670: $? = 0
configure:20687: result: none required
configure:20700: checking for library containing OGRRegisterAll
configure:20731: gcc -o conftest  -I/usr/local/include  conftest.c -L/usr/local/lib -lgdal >&5
configure:20731: $? = 0
configure:20748: result: none required
configure:20761: checking for library containing GDALFPolygonize
configure:20792: gcc -o conftest  -I/usr/local/include  conftest.c -L/usr/local/lib -lgdal >&5
configure:20792: $? = 0
configure:20809: result: none required
configure:20876: result: enabling PostgreSQL extension support...
configure:21002: creating ./config.status

## ---------------------- ##
## Running config.status. ##
## ---------------------- ##

This file was extended by config.status, which was
generated by GNU Autoconf 2.69.  Invocation command line was

  CONFIG_FILES    = 
  CONFIG_HEADERS  = 
  CONFIG_LINKS    = 
  CONFIG_COMMANDS = 
  $ ./config.status 

on miriad

config.status:1304: creating GNUmakefile
config.status:1304: creating extensions/Makefile
config.status:1304: creating extensions/postgis/Makefile
config.status:1304: creating extensions/postgis/postgis.control
config.status:1304: creating extensions/postgis_topology/Makefile
config.status:1304: creating extensions/postgis_topology/postgis_topology.control
config.status:1304: creating extensions/postgis_tiger_geocoder/Makefile
config.status:1304: creating extensions/postgis_tiger_geocoder/postgis_tiger_geocoder.control
config.status:1304: creating liblwgeom/Makefile
config.status:1304: creating liblwgeom/cunit/Makefile
config.status:1304: creating liblwgeom/liblwgeom.h
config.status:1304: creating libpgcommon/Makefile
config.status:1304: creating libpgcommon/cunit/Makefile
config.status:1304: creating postgis/Makefile
config.status:1304: creating postgis/sqldefines.h
config.status:1304: creating loader/Makefile
config.status:1304: creating loader/cunit/Makefile
config.status:1304: creating topology/Makefile
config.status:1304: creating topology/test/Makefile
config.status:1304: creating regress/Makefile
config.status:1304: creating doc/Makefile
config.status:1304: creating doc/Makefile.comments
config.status:1304: creating doc/html/image_src/Makefile
config.status:1304: creating utils/Makefile
config.status:1304: creating java/jdbc/Makefile
config.status:1304: creating raster/Makefile
config.status:1304: creating raster/rt_core/Makefile
config.status:1304: creating raster/rt_pg/Makefile
config.status:1304: creating raster/loader/Makefile
config.status:1304: creating raster/test/Makefile
config.status:1304: creating raster/test/cunit/Makefile
config.status:1304: creating raster/test/regress/Makefile
config.status:1304: creating raster/scripts/Makefile
config.status:1304: creating raster/scripts/python/Makefile
config.status:1304: creating postgis_config.h
config.status:1304: creating raster/raster_config.h
config.status:1499: executing libtool commands
config.status:1499: executing po-directories commands
configure:23363: result: 
configure:23365: result:   PostGIS is now configured for x86_64-unknown-linux-gnu
configure:23367: result: 
configure:23369: result:  -------------- Compiler Info ------------- 
configure:23371: result:   C compiler:           gcc -g -O2
configure:23373: result:   C++ compiler:         g++ -g -O2
configure:23375: result:   SQL preprocessor:     /usr/bin/cpp -w -traditional-cpp -P
configure:23377: result: 
configure:23379: result:  -------------- Dependencies -------------- 
configure:23381: result:   GEOS config:          /usr/local/bin/geos-config
configure:23383: result:   GEOS version:         3.5.0
configure:23386: result:   GDAL config:          /usr/local/bin/gdal-config
configure:23388: result:   GDAL version:         1.11.2
configure:23397: result:   PostgreSQL config:    /usr/bin/pg_config
configure:23399: result:   PostgreSQL version:   PostgreSQL 9.4.8
configure:23401: result:   PROJ4 version:        49
configure:23403: result:   Libxml2 config:       /usr/bin/xml2-config
configure:23405: result:   Libxml2 version:      2.9.1
configure:23407: result:   JSON-C support:       no
configure:23409: result:   PostGIS debug level:  0
configure:23411: result:   Perl:                 /usr/bin/perl
configure:23413: result: 
configure:23415: result:  --------------- Extensions --------------- 
configure:23418: result:   PostGIS Raster:       enabled
configure:23426: result:   PostGIS Topology:     enabled
configure:23436: result:   SFCGAL support:       disabled
configure:23439: result: 
configure:23441: result:  -------- Documentation Generation -------- 
configure:23443: result:   xsltproc:             
configure:23445: result:   xsl style sheets:     
configure:23447: result:   dblatex:              
configure:23449: result:   convert:              /usr/bin/convert
configure:23451: result:   mathml2.dtd:          http://www.w3.org/Math/DTD/mathml2/mathml2.dtd
configure:23453: result: 

## ---------------- ##
## Cache variables. ##
## ---------------- ##

_cv_misprot=yes
_cv_wall=yes
ac_cv_build=x86_64-unknown-linux-gnu
ac_cv_c_compiler_gnu=yes
ac_cv_cxx_compiler_gnu=yes
ac_cv_env_CCC_set=
ac_cv_env_CCC_value=
ac_cv_env_CC_set=
ac_cv_env_CC_value=
ac_cv_env_CFLAGS_set=
ac_cv_env_CFLAGS_value=
ac_cv_env_CPPFLAGS_set=
ac_cv_env_CPPFLAGS_value=
ac_cv_env_CPP_set=
ac_cv_env_CPP_value=
ac_cv_env_CXXCPP_set=
ac_cv_env_CXXCPP_value=
ac_cv_env_CXXFLAGS_set=
ac_cv_env_CXXFLAGS_value=
ac_cv_env_CXX_set=
ac_cv_env_CXX_value=
ac_cv_env_LDFLAGS_set=
ac_cv_env_LDFLAGS_value=
ac_cv_env_LIBS_set=
ac_cv_env_LIBS_value=
ac_cv_env_PG_CONFIG_set=
ac_cv_env_PG_CONFIG_value=
ac_cv_env_YACC_set=
ac_cv_env_YACC_value=
ac_cv_env_YFLAGS_set=
ac_cv_env_YFLAGS_value=
ac_cv_env_build_alias_set=
ac_cv_env_build_alias_value=
ac_cv_env_host_alias_set=
ac_cv_env_host_alias_value=
ac_cv_env_target_alias_set=
ac_cv_env_target_alias_value=
ac_cv_func_asprintf=yes
ac_cv_func_iconvctl=no
ac_cv_func_libiconvctl=no
ac_cv_func_strcasestr=yes
ac_cv_func_vasprintf=yes
ac_cv_have_decl_isfinite=yes
ac_cv_header_CUnit_CUnit_h=no
ac_cv_header_cpl_conv_h=yes
ac_cv_header_dlfcn_h=yes
ac_cv_header_gdal_h=yes
ac_cv_header_geos_c_h=yes
ac_cv_header_iconv_h=yes
ac_cv_header_ieeefp_h=no
ac_cv_header_inttypes_h=yes
ac_cv_header_json_c_json_h=no
ac_cv_header_json_json_h=no
ac_cv_header_libpq_fe_h=yes
ac_cv_header_libxml_parser_h=yes
ac_cv_header_libxml_tree_h=yes
ac_cv_header_libxml_xpathInternals_h=yes
ac_cv_header_libxml_xpath_h=yes
ac_cv_header_memory_h=yes
ac_cv_header_ogr_api_h=yes
ac_cv_header_proj_api_h=yes
ac_cv_header_stdc=yes
ac_cv_header_stdint_h=yes
ac_cv_header_stdlib_h=yes
ac_cv_header_string_h=yes
ac_cv_header_strings_h=yes
ac_cv_header_sys_stat_h=yes
ac_cv_header_sys_types_h=yes
ac_cv_header_termios_h=yes
ac_cv_header_unistd_h=yes
ac_cv_host=x86_64-unknown-linux-gnu
ac_cv_lib_c_iconv_open=yes
ac_cv_lib_geos_c_initGEOS=yes
ac_cv_lib_iconv_libiconv_open=no
ac_cv_lib_json_c_json_object_get=no
ac_cv_lib_json_json_object_get=no
ac_cv_lib_pq_PQserverVersion=yes
ac_cv_lib_proj_pj_get_release=yes
ac_cv_lib_xml2_xmlInitParser=yes
ac_cv_objext=o
ac_cv_path_CPPBIN=/usr/bin/cpp
ac_cv_path_EGREP='/bin/grep -E'
ac_cv_path_FGREP='/bin/grep -F'
ac_cv_path_GDAL_CONFIG=/usr/local/bin/gdal-config
ac_cv_path_GEOSCONFIG=/usr/local/bin/geos-config
ac_cv_path_GMSGFMT=/usr/bin/msgfmt
ac_cv_path_GREP=/bin/grep
ac_cv_path_IMAGEMAGICK=/usr/bin/convert
ac_cv_path_MSGFMT=/usr/bin/msgfmt
ac_cv_path_MSGMERGE=/usr/bin/msgmerge
ac_cv_path_PERL=/usr/bin/perl
ac_cv_path_PG_CONFIG=/usr/bin/pg_config
ac_cv_path_SED=/bin/sed
ac_cv_path_XGETTEXT=/usr/bin/xgettext
ac_cv_path_XML2CONFIG=/usr/bin/xml2-config
ac_cv_path_install='/usr/bin/install -c'
ac_cv_path_lt_DD=/bin/dd
ac_cv_path_mkdir=/bin/mkdir
ac_cv_prog_AWK=gawk
ac_cv_prog_CPP='gcc -E'
ac_cv_prog_CXXCPP='g++ -E'
ac_cv_prog_ac_ct_AR=ar
ac_cv_prog_ac_ct_CC=gcc
ac_cv_prog_ac_ct_CXX=g++
ac_cv_prog_ac_ct_MANIFEST_TOOL=mt
ac_cv_prog_ac_ct_OBJDUMP=objdump
ac_cv_prog_ac_ct_RANLIB=ranlib
ac_cv_prog_ac_ct_STRIP=strip
ac_cv_prog_cc_c89=
ac_cv_prog_cc_g=yes
ac_cv_prog_cxx_g=yes
ac_cv_prog_make_make_set=yes
ac_cv_search_GDALAllRegister='none required'
ac_cv_search_GDALFPolygonize='none required'
ac_cv_search_OGRRegisterAll='none required'
ac_cv_sys_largefile_source=no
acl_cv_hardcode_direct=no
acl_cv_hardcode_libdir_flag_spec='${wl}-rpath ${wl}$libdir'
acl_cv_hardcode_libdir_separator=
acl_cv_hardcode_minus_L=no
acl_cv_libext=a
acl_cv_libname_spec='lib$name'
acl_cv_library_names_spec='$libname$shrext'
acl_cv_path_LD='/usr/bin/ld -m elf_x86_64'
acl_cv_prog_gnu_ld=yes
acl_cv_rpath=done
acl_cv_shlibext=so
acl_cv_wl=-Wl,
dummy_cv_ffloat_store=yes
gt_cv_func_CFLocaleCopyCurrent=no
gt_cv_func_CFPreferencesCopyAppValue=no
gt_cv_func_gnugettext1_libc=yes
lt_cv_ar_at_file=@
lt_cv_archive_cmds_need_lc=no
lt_cv_deplibs_check_method=pass_all
lt_cv_file_magic_cmd='$MAGIC_CMD'
lt_cv_file_magic_test_file=
lt_cv_ld_reload_flag=-r
lt_cv_nm_interface='BSD nm'
lt_cv_objdir=.libs
lt_cv_path_LD=/usr/bin/ld
lt_cv_path_LDCXX='/usr/bin/ld -m elf_x86_64'
lt_cv_path_NM='/usr/bin/nm -B'
lt_cv_path_mainfest_tool=no
lt_cv_prog_compiler_c_o=yes
lt_cv_prog_compiler_c_o_CXX=yes
lt_cv_prog_compiler_pic='-fPIC -DPIC'
lt_cv_prog_compiler_pic_CXX='-fPIC -DPIC'
lt_cv_prog_compiler_pic_works=yes
lt_cv_prog_compiler_pic_works_CXX=yes
lt_cv_prog_compiler_rtti_exceptions=no
lt_cv_prog_compiler_static_works=yes
lt_cv_prog_compiler_static_works_CXX=yes
lt_cv_prog_gnu_ld=yes
lt_cv_prog_gnu_ldcxx=yes
lt_cv_sharedlib_from_linklib_cmd='printf %s\n'
lt_cv_shlibpath_overrides_runpath=no
lt_cv_sys_global_symbol_pipe='sed -n -e '\''s/^.*[	 ]\([ABCDGIRSTW][ABCDGIRSTW]*\)[	 ][	 ]*\([_A-Za-z][_A-Za-z0-9]*\)$/\1 \2 \2/p'\'' | sed '\''/ __gnu_lto/d'\'''
lt_cv_sys_global_symbol_to_c_name_address='sed -n -e '\''s/^: \(.*\) .*$/  {"\1", (void *) 0},/p'\'' -e '\''s/^[ABCDGIRSTW][ABCDGIRSTW]* .* \(.*\)$/  {"\1", (void *) \&\1},/p'\'''
lt_cv_sys_global_symbol_to_c_name_address_lib_prefix='sed -n -e '\''s/^: \(.*\) .*$/  {"\1", (void *) 0},/p'\'' -e '\''s/^[ABCDGIRSTW][ABCDGIRSTW]* .* \(lib.*\)$/  {"\1", (void *) \&\1},/p'\'' -e '\''s/^[ABCDGIRSTW][ABCDGIRSTW]* .* \(.*\)$/  {"lib\1", (void *) \&\1},/p'\'''
lt_cv_sys_global_symbol_to_cdecl='sed -n -e '\''s/^T .* \(.*\)$/extern int \1();/p'\'' -e '\''s/^[ABCDGIRSTW][ABCDGIRSTW]* .* \(.*\)$/extern char \1;/p'\'''
lt_cv_sys_global_symbol_to_import=
lt_cv_sys_max_cmd_len=1572864
lt_cv_to_host_file_cmd=func_convert_file_noop
lt_cv_to_tool_file_cmd=func_convert_file_noop
lt_cv_truncate_bin='/bin/dd bs=4096 count=1'

## ----------------- ##
## Output variables. ##
## ----------------- ##

ANT=''
AR='ar'
AWK='gawk'
CAN_BUILD_COMMENTS='no'
CAN_BUILD_PDF='no'
CC='gcc'
CFLAGS='-g -O2'
CPP='gcc -E'
CPPBIN='/usr/bin/cpp'
CPPFLAGS=' -I/usr/local/include  -I/usr/include/libxml2  '
CUNIT_CPPFLAGS=''
CUNIT_LDFLAGS=''
CXX='g++'
CXXCPP='g++ -E'
CXXFLAGS='-g -O2'
DBLATEX=''
DEFS='-DHAVE_CONFIG_H'
DLLTOOL='false'
DSYMUTIL=''
DUMPBIN=''
ECHO_C=''
ECHO_N='-n'
ECHO_T=''
EGREP='/bin/grep -E'
EXEEXT=''
EXESUFFIX=''
EXTENSIONS='extensions'
FGREP='/bin/grep -F'
GDALFPOLYGONIZE=''
GDAL_CONFIG='/usr/local/bin/gdal-config'
GEOSCONFIG='/usr/local/bin/geos-config'
GEOS_CPPFLAGS='-I/usr/local/include'
GEOS_LDFLAGS='-L/usr/local/lib'
GEOS_NUMERIC_VERSION='30500'
GETTEXT_CFLAGS=''
GETTEXT_LDFLAGS=''
GETTEXT_MACRO_VERSION='0.17'
GMSGFMT='/usr/bin/msgfmt'
GMSGFMT_015='/usr/bin/msgfmt'
GPP=''
GREP='/bin/grep'
GTK_BUILD=''
GTK_CFLAGS=''
GTK_LIBS=''
GTK_WIN32_FLAGS=''
GTK_WIN32_RES=''
HAVE_JSON='no'
HAVE_SFCGAL='no'
ICONV_CFLAGS=''
ICONV_LDFLAGS=' -lc'
IGE_MAC_CFLAGS=''
IGE_MAC_LIBS=''
IMAGEMAGICK='/usr/bin/convert'
INSTALL_DATA='${INSTALL} -m 644'
INSTALL_PROGRAM='${INSTALL}'
INSTALL_SCRIPT='${INSTALL}'
INTLLIBS=''
INTL_MACOSX_LIBS=''
JSON_CPPFLAGS=''
JSON_LDFLAGS=''
LD='/usr/bin/ld -m elf_x86_64'
LDFLAGS=''
LEX=':'
LEXLIB=''
LEX_OUTPUT_ROOT=''
LIBGDAL_CFLAGS='-I/usr/local/include'
LIBGDAL_DEPLIBS_LDFLAGS=''
LIBGDAL_LDFLAGS='-L/usr/local/lib -lgdal'
LIBICONV='-liconv'
LIBINTL=''
LIBOBJS=''
LIBS=''
LIBTOOL='$(SHELL) $(top_builddir)/libtool'
LIPO=''
LN_S='ln -s'
LTLIBICONV='-liconv'
LTLIBINTL=''
LTLIBOBJS=''
MANIFEST_TOOL=':'
MATHML2_DTD='http://www.w3.org/Math/DTD/mathml2/mathml2.dtd'
MINGWBUILD='0'
MKDIR_P='/bin/mkdir -p'
MSGFMT='/usr/bin/msgfmt'
MSGFMT_015='/usr/bin/msgfmt'
MSGMERGE='/usr/bin/msgmerge'
NM='/usr/bin/nm -B'
NMEDIT=''
NUMERICFLAGS=' -ffloat-store'
OBJDUMP='objdump'
OBJEXT='o'
OTOOL64=''
OTOOL=''
PACKAGE_BUGREPORT=''
PACKAGE_NAME=''
PACKAGE_STRING=''
PACKAGE_TARNAME=''
PACKAGE_URL=''
PACKAGE_VERSION=''
PATH_SEPARATOR=':'
PERL='/usr/bin/perl'
PGSQL_BE_CPPFLAGS='-I/usr/include/postgresql/9.4/server'
PGSQL_BINDIR='/usr/lib/postgresql/9.4/bin'
PGSQL_DOCDIR='/usr/share/doc/postgresql-doc-9.4'
PGSQL_FE_CPPFLAGS='-I/usr/include/postgresql'
PGSQL_FE_LDFLAGS='-L/usr/lib/x86_64-linux-gnu -lpq'
PGSQL_MANDIR='/usr/share/postgresql/9.4/man'
PGSQL_SHAREDIR='/usr/share/postgresql/9.4'
PGXS='/usr/lib/postgresql/9.4/lib/pgxs/src/makefiles/pgxs.mk'
PGXSOVERRIDE='0'
PG_CONFIG='/usr/bin/pg_config'
PICFLAGS=' -fPIC -DPIC'
PKG_CONFIG=''
POSTGIS_BUILD_DATE='2016-07-26 23:59:58'
POSTGIS_GDAL_VERSION='111'
POSTGIS_GEOS_VERSION='35'
POSTGIS_LIBXML2_VERSION='2.9.1'
POSTGIS_LIB_VERSION='2.1.5'
POSTGIS_MAJOR_VERSION='2'
POSTGIS_MICRO_VERSION='5'
POSTGIS_MINOR_VERSION='1'
POSTGIS_PGSQL_VERSION='94'
POSTGIS_PROJ_VERSION='49'
POSTGIS_RASTER_BUILD_DATE='2016-07-26 23:59:58'
POSTGIS_RASTER_LIB_VERSION='0.1.6d'
POSTGIS_RASTER_MAJOR_VERSION='0'
POSTGIS_RASTER_MICRO_VERSION='6d'
POSTGIS_RASTER_MINOR_VERSION='1'
POSTGIS_RASTER_SCRIPTS_VERSION='0.1.6d'
POSTGIS_RASTER_VERSION='0.1'
POSTGIS_SCRIPTS_VERSION='2.1.5'
POSTGIS_VERSION='2.1 USE_GEOS=1 USE_PROJ=1 USE_STATS=1'
POSUB='po'
PROJ_CPPFLAGS=''
PROJ_LDFLAGS=''
RANLIB='ranlib'
RASTER='raster'
RT_CORE_LIB='corelib'
RT_LOADER='rtloader'
RT_PG_LIB='pglib'
RT_POSTGIS_SQL='rtpostgis.sql'
SED='/bin/sed'
SET_MAKE=''
SFCGAL=''
SFCGAL_CONFIG=''
SFCGAL_CPPFLAGS=''
SFCGAL_LDFLAGS=''
SFCGAL_OBJS=''
SFCGAL_VERSION=''
SHELL='/bin/bash'
SHLIB_LINK=' -L/usr/local/lib  -lgeos_c -lproj  -lxml2 '
SQLPP='/usr/bin/cpp -w -traditional-cpp -P'
SRID_MAX='999999'
SRID_USR_MAX='998999'
STRIP='strip'
TOPOLOGY='topology'
USE_NLS='no'
WARNFLAGS=' -Wall -Wmissing-prototypes'
XGETTEXT='/usr/bin/xgettext'
XGETTEXT_015='/usr/bin/xgettext'
XGETTEXT_EXTRA_OPTIONS=''
XML2CONFIG='/usr/bin/xml2-config'
XMLLINT=''
XSLBASE=''
XSLTPROC=''
YACC='yacc'
YFLAGS=''
ac_ct_AR='ar'
ac_ct_CC='gcc'
ac_ct_CXX='g++'
ac_ct_DUMPBIN=''
bindir='${exec_prefix}/bin'
build='x86_64-unknown-linux-gnu'
build_alias=''
build_cpu='x86_64'
build_os='linux-gnu'
build_vendor='unknown'
datadir='${datarootdir}'
datarootdir='${prefix}/share'
docdir='${datarootdir}/doc/${PACKAGE}'
dvidir='${docdir}'
exec_prefix='${prefix}'
host='x86_64-unknown-linux-gnu'
host_alias=''
host_cpu='x86_64'
host_os='linux-gnu'
host_vendor='unknown'
htmldir='${docdir}'
includedir='${prefix}/include'
infodir='${datarootdir}/info'
libdir='${exec_prefix}/lib'
libexecdir='${exec_prefix}/libexec'
localedir='${datarootdir}/locale'
localstatedir='${prefix}/var'
mandir='${datarootdir}/man'
mkdir_p='/bin/mkdir -p'
oldincludedir='/usr/include'
pdfdir='${docdir}'
prefix='/usr/local'
program_transform_name='s,x,x,'
psdir='${docdir}'
sbindir='${exec_prefix}/sbin'
sharedstatedir='${prefix}/com'
sysconfdir='${prefix}/etc'
target_alias=''

## ----------- ##
## confdefs.h. ##
## ----------- ##

/* confdefs.h */
#define PACKAGE_NAME ""
#define PACKAGE_TARNAME ""
#define PACKAGE_VERSION ""
#define PACKAGE_STRING ""
#define PACKAGE_BUGREPORT ""
#define PACKAGE_URL ""
#define STDC_HEADERS 1
#define HAVE_SYS_TYPES_H 1
#define HAVE_SYS_STAT_H 1
#define HAVE_STDLIB_H 1
#define HAVE_STRING_H 1
#define HAVE_MEMORY_H 1
#define HAVE_STRINGS_H 1
#define HAVE_INTTYPES_H 1
#define HAVE_STDINT_H 1
#define HAVE_UNISTD_H 1
#define HAVE_DLFCN_H 1
#define LT_OBJDIR ".libs/"
#define POSTGIS_MAJOR_VERSION "2"
#define POSTGIS_MINOR_VERSION "1"
#define POSTGIS_MICRO_VERSION "5"
#define HAVE_IEEEFP_H 0
#define HAVE_TERMIOS_H 1
#define HAVE_VASPRINTF 1
#define HAVE_ASPRINTF 1
#define HAVE_STRCASESTR 1
#define HAVE_FSEEKO 1
#define HAVE_ISFINITE 1
#define HAVE_GNU_ISFINITE 1
#define HAVE_ICONV 1
#define PGSQL_LOCALEDIR "/usr/share/locale"
#define HAVE_LIBPQ 1
#define POSTGIS_PGSQL_VERSION 94
#define HAVE_LIBXML_TREE_H 1
#define HAVE_LIBXML_PARSER_H 1
#define HAVE_LIBXML_XPATH_H 1
#define HAVE_LIBXML_XPATHINTERNALS_H 1
#define HAVE_LIBXML2 1
#define POSTGIS_LIBXML2_VERSION "2.9.1"
#define HAVE_LIBGEOS_C 1
#define POSTGIS_GEOS_VERSION 35
#define ENABLE_NLS 1
#define HAVE_GETTEXT 1
#define HAVE_DCGETTEXT 1
#define POSTGIS_PROJ_VERSION 49
#define HAVE_LIBPROJ 1
#define POSTGIS_DEBUG_LEVEL 0
#define POSTGIS_PROFILE 0
#define POSTGIS_VERSION "2.1 USE_GEOS=1 USE_PROJ=1 USE_STATS=1"
#define POSTGIS_LIB_VERSION "2.1.5"
#define POSTGIS_BUILD_DATE "2016-07-26 23:59:58"
#define POSTGIS_SCRIPTS_VERSION "2.1.5"
#define POSTGIS_AUTOCACHE_BBOX 1
#define POSTGIS_USE_STATS 1
#define POSTGIS_RASTER_MAJOR_VERSION "0"
#define POSTGIS_RASTER_MINOR_VERSION "1"
#define POSTGIS_RASTER_MICRO_VERSION "6d"
#define POSTGIS_RASTER_VERSION "0.1"
#define POSTGIS_RASTER_LIB_VERSION "0.1.6d"
#define POSTGIS_RASTER_BUILD_DATE "2016-07-26 23:59:58"
#define POSTGIS_RASTER_SCRIPTS_VERSION "0.1.6d"
#define POSTGIS_RASTER_WARN_ON_TRUNCATION 0
#define POSTGIS_GDAL_VERSION 111
#define HAVE_GDAL_H 1
#define HAVE_OGR_API_H 1
#define HAVE_CPL_CONV_H 1
#define GDALFPOLYGONIZE 1

configure: exit 0
